{"C:\\Users\\Queen Elizabeth\\Desktop\\AFE Partner\\AFE Partner Connect\\my-react-router-app\\react-router.config.ts": {"path":"C:\\Users\\Queen Elizabeth\\Desktop\\AFE Partner\\AFE Partner Connect\\my-react-router-app\\react-router.config.ts","all":true,"statementMap":{"0":{"start":{"line":1,"column":0},"end":{"line":1,"column":55}},"1":{"start":{"line":2,"column":0},"end":{"line":2,"column":0}},"2":{"start":{"line":3,"column":0},"end":{"line":3,"column":16}},"3":{"start":{"line":4,"column":0},"end":{"line":4,"column":22}},"4":{"start":{"line":5,"column":0},"end":{"line":5,"column":13}},"5":{"start":{"line":6,"column":0},"end":{"line":6,"column":25}},"6":{"start":{"line":7,"column":0},"end":{"line":7,"column":19}}},"s":{"0":0,"1":0,"2":0,"3":0,"4":0,"5":0,"6":0},"branchMap":{"0":{"type":"branch","line":1,"loc":{"start":{"line":1,"column":0},"end":{"line":7,"column":19}},"locations":[{"start":{"line":1,"column":0},"end":{"line":7,"column":19}}]}},"b":{"0":[0]},"fnMap":{"0":{"name":"(empty-report)","decl":{"start":{"line":1,"column":0},"end":{"line":7,"column":19}},"loc":{"start":{"line":1,"column":0},"end":{"line":7,"column":19}},"line":1}},"f":{"0":0}}
,"C:\\Users\\Queen Elizabeth\\Desktop\\AFE Partner\\AFE Partner Connect\\my-react-router-app\\build\\client\\assets\\afe-Dl_ypchI.js": {"path":"C:\\Users\\Queen Elizabeth\\Desktop\\AFE Partner\\AFE Partner Connect\\my-react-router-app\\build\\client\\assets\\afe-Dl_ypchI.js","all":true,"statementMap":{"0":{"start":{"line":1,"column":0},"end":{"line":1,"column":4489}}},"s":{"0":0},"branchMap":{"0":{"type":"branch","line":1,"loc":{"start":{"line":1,"column":0},"end":{"line":1,"column":4489}},"locations":[{"start":{"line":1,"column":0},"end":{"line":1,"column":4489}}]}},"b":{"0":[0]},"fnMap":{"0":{"name":"(empty-report)","decl":{"start":{"line":1,"column":0},"end":{"line":1,"column":4489}},"loc":{"start":{"line":1,"column":0},"end":{"line":1,"column":4489}},"line":1}},"f":{"0":0}}
,"C:\\Users\\Queen Elizabeth\\Desktop\\AFE Partner\\AFE Partner Connect\\my-react-router-app\\build\\client\\assets\\afeHistory-BB_X1Q9l.js": {"path":"C:\\Users\\Queen Elizabeth\\Desktop\\AFE Partner\\AFE Partner Connect\\my-react-router-app\\build\\client\\assets\\afeHistory-BB_X1Q9l.js","all":true,"statementMap":{"0":{"start":{"line":1,"column":0},"end":{"line":1,"column":202}}},"s":{"0":0},"branchMap":{"0":{"type":"branch","line":1,"loc":{"start":{"line":1,"column":0},"end":{"line":1,"column":202}},"locations":[{"start":{"line":1,"column":0},"end":{"line":1,"column":202}}]}},"b":{"0":[0]},"fnMap":{"0":{"name":"(empty-report)","decl":{"start":{"line":1,"column":0},"end":{"line":1,"column":202}},"loc":{"start":{"line":1,"column":0},"end":{"line":1,"column":202}},"line":1}},"f":{"0":0}}
,"C:\\Users\\Queen Elizabeth\\Desktop\\AFE Partner\\AFE Partner Connect\\my-react-router-app\\build\\client\\assets\\chunk-K6CSEXPM-C5f0Ejun.js": {"path":"C:\\Users\\Queen Elizabeth\\Desktop\\AFE Partner\\AFE Partner Connect\\my-react-router-app\\build\\client\\assets\\chunk-K6CSEXPM-C5f0Ejun.js","all":true,"statementMap":{"0":{"start":{"line":1,"column":0},"end":{"line":1,"column":642}},"1":{"start":{"line":2,"column":0},"end":{"line":2,"column":17}},"2":{"start":{"line":3,"column":0},"end":{"line":3,"column":34}},"3":{"start":{"line":4,"column":0},"end":{"line":4,"column":2}},"4":{"start":{"line":5,"column":0},"end":{"line":5,"column":53}},"5":{"start":{"line":6,"column":0},"end":{"line":6,"column":2}},"6":{"start":{"line":7,"column":0},"end":{"line":7,"column":66}},"7":{"start":{"line":8,"column":0},"end":{"line":8,"column":58}},"8":{"start":{"line":9,"column":0},"end":{"line":9,"column":484}},"9":{"start":{"line":10,"column":0},"end":{"line":10,"column":17}},"10":{"start":{"line":11,"column":0},"end":{"line":11,"column":22}},"11":{"start":{"line":12,"column":0},"end":{"line":12,"column":2}},"12":{"start":{"line":13,"column":0},"end":{"line":13,"column":53}},"13":{"start":{"line":14,"column":0},"end":{"line":14,"column":2}},"14":{"start":{"line":15,"column":0},"end":{"line":15,"column":66}},"15":{"start":{"line":16,"column":0},"end":{"line":16,"column":58}},"16":{"start":{"line":17,"column":0},"end":{"line":17,"column":8022}},"17":{"start":{"line":18,"column":0},"end":{"line":18,"column":6141}},"18":{"start":{"line":19,"column":0},"end":{"line":19,"column":22}},"19":{"start":{"line":20,"column":0},"end":{"line":20,"column":2}},"20":{"start":{"line":21,"column":0},"end":{"line":21,"column":36}},"21":{"start":{"line":22,"column":0},"end":{"line":22,"column":2}},"22":{"start":{"line":23,"column":0},"end":{"line":23,"column":66}},"23":{"start":{"line":24,"column":0},"end":{"line":24,"column":61}},"24":{"start":{"line":25,"column":0},"end":{"line":25,"column":2}},"25":{"start":{"line":26,"column":0},"end":{"line":26,"column":15}},"26":{"start":{"line":27,"column":0},"end":{"line":27,"column":31313}},"27":{"start":{"line":28,"column":0},"end":{"line":28,"column":17274}},"28":{"start":{"line":29,"column":0},"end":{"line":29,"column":0}},"29":{"start":{"line":30,"column":0},"end":{"line":30,"column":21772}},"30":{"start":{"line":31,"column":0},"end":{"line":31,"column":20}},"31":{"start":{"line":32,"column":0},"end":{"line":32,"column":167}},"32":{"start":{"line":33,"column":0},"end":{"line":33,"column":10}},"33":{"start":{"line":34,"column":0},"end":{"line":34,"column":1244}},"34":{"start":{"line":35,"column":0},"end":{"line":35,"column":26}},"35":{"start":{"line":36,"column":0},"end":{"line":36,"column":83}},"36":{"start":{"line":37,"column":0},"end":{"line":37,"column":88}},"37":{"start":{"line":38,"column":0},"end":{"line":38,"column":82}},"38":{"start":{"line":39,"column":0},"end":{"line":39,"column":39}},"39":{"start":{"line":40,"column":0},"end":{"line":40,"column":16}},"40":{"start":{"line":41,"column":0},"end":{"line":41,"column":11907}},"41":{"start":{"line":42,"column":0},"end":{"line":42,"column":0}},"42":{"start":{"line":43,"column":0},"end":{"line":43,"column":1620}},"43":{"start":{"line":44,"column":0},"end":{"line":44,"column":515}},"44":{"start":{"line":45,"column":0},"end":{"line":45,"column":87}},"45":{"start":{"line":46,"column":0},"end":{"line":46,"column":11}},"46":{"start":{"line":47,"column":0},"end":{"line":47,"column":3}},"47":{"start":{"line":48,"column":0},"end":{"line":48,"column":77}},"48":{"start":{"line":49,"column":0},"end":{"line":49,"column":108}},"49":{"start":{"line":50,"column":0},"end":{"line":50,"column":0}},"50":{"start":{"line":51,"column":0},"end":{"line":51,"column":9117}}},"s":{"0":0,"1":0,"2":0,"3":0,"4":0,"5":0,"6":0,"7":0,"8":0,"9":0,"10":0,"11":0,"12":0,"13":0,"14":0,"15":0,"16":0,"17":0,"18":0,"19":0,"20":0,"21":0,"22":0,"23":0,"24":0,"25":0,"26":0,"27":0,"28":0,"29":0,"30":0,"31":0,"32":0,"33":0,"34":0,"35":0,"36":0,"37":0,"38":0,"39":0,"40":0,"41":0,"42":0,"43":0,"44":0,"45":0,"46":0,"47":0,"48":0,"49":0,"50":0},"branchMap":{"0":{"type":"branch","line":1,"loc":{"start":{"line":1,"column":0},"end":{"line":51,"column":9117}},"locations":[{"start":{"line":1,"column":0},"end":{"line":51,"column":9117}}]}},"b":{"0":[0]},"fnMap":{"0":{"name":"(empty-report)","decl":{"start":{"line":1,"column":0},"end":{"line":51,"column":9117}},"loc":{"start":{"line":1,"column":0},"end":{"line":51,"column":9117}},"line":1}},"f":{"0":0}}
,"C:\\Users\\Queen Elizabeth\\Desktop\\AFE Partner\\AFE Partner Connect\\my-react-router-app\\build\\client\\assets\\configurations-VtxUljox.js": {"path":"C:\\Users\\Queen Elizabeth\\Desktop\\AFE Partner\\AFE Partner Connect\\my-react-router-app\\build\\client\\assets\\configurations-VtxUljox.js","all":true,"statementMap":{"0":{"start":{"line":1,"column":0},"end":{"line":1,"column":2328}}},"s":{"0":0},"branchMap":{"0":{"type":"branch","line":1,"loc":{"start":{"line":1,"column":0},"end":{"line":1,"column":2328}},"locations":[{"start":{"line":1,"column":0},"end":{"line":1,"column":2328}}]}},"b":{"0":[0]},"fnMap":{"0":{"name":"(empty-report)","decl":{"start":{"line":1,"column":0},"end":{"line":1,"column":2328}},"loc":{"start":{"line":1,"column":0},"end":{"line":1,"column":2328}},"line":1}},"f":{"0":0}}
,"C:\\Users\\Queen Elizabeth\\Desktop\\AFE Partner\\AFE Partner Connect\\my-react-router-app\\build\\client\\assets\\contactSupport-DoDeyo5n.js": {"path":"C:\\Users\\Queen Elizabeth\\Desktop\\AFE Partner\\AFE Partner Connect\\my-react-router-app\\build\\client\\assets\\contactSupport-DoDeyo5n.js","all":true,"statementMap":{"0":{"start":{"line":1,"column":0},"end":{"line":1,"column":206}}},"s":{"0":0},"branchMap":{"0":{"type":"branch","line":1,"loc":{"start":{"line":1,"column":0},"end":{"line":1,"column":206}},"locations":[{"start":{"line":1,"column":0},"end":{"line":1,"column":206}}]}},"b":{"0":[0]},"fnMap":{"0":{"name":"(empty-report)","decl":{"start":{"line":1,"column":0},"end":{"line":1,"column":206}},"loc":{"start":{"line":1,"column":0},"end":{"line":1,"column":206}},"line":1}},"f":{"0":0}}
,"C:\\Users\\Queen Elizabeth\\Desktop\\AFE Partner\\AFE Partner Connect\\my-react-router-app\\build\\client\\assets\\dashboard-D5KiH1VX.js": {"path":"C:\\Users\\Queen Elizabeth\\Desktop\\AFE Partner\\AFE Partner Connect\\my-react-router-app\\build\\client\\assets\\dashboard-D5KiH1VX.js","all":true,"statementMap":{"0":{"start":{"line":1,"column":0},"end":{"line":1,"column":226}}},"s":{"0":0},"branchMap":{"0":{"type":"branch","line":1,"loc":{"start":{"line":1,"column":0},"end":{"line":1,"column":226}},"locations":[{"start":{"line":1,"column":0},"end":{"line":1,"column":226}}]}},"b":{"0":[0]},"fnMap":{"0":{"name":"(empty-report)","decl":{"start":{"line":1,"column":0},"end":{"line":1,"column":226}},"loc":{"start":{"line":1,"column":0},"end":{"line":1,"column":226}},"line":1}},"f":{"0":0}}
,"C:\\Users\\Queen Elizabeth\\Desktop\\AFE Partner\\AFE Partner Connect\\my-react-router-app\\build\\client\\assets\\dataExport-Dcnqz-qW.js": {"path":"C:\\Users\\Queen Elizabeth\\Desktop\\AFE Partner\\AFE Partner Connect\\my-react-router-app\\build\\client\\assets\\dataExport-Dcnqz-qW.js","all":true,"statementMap":{"0":{"start":{"line":1,"column":0},"end":{"line":1,"column":202}}},"s":{"0":0},"branchMap":{"0":{"type":"branch","line":1,"loc":{"start":{"line":1,"column":0},"end":{"line":1,"column":202}},"locations":[{"start":{"line":1,"column":0},"end":{"line":1,"column":202}}]}},"b":{"0":[0]},"fnMap":{"0":{"name":"(empty-report)","decl":{"start":{"line":1,"column":0},"end":{"line":1,"column":202}},"loc":{"start":{"line":1,"column":0},"end":{"line":1,"column":202}},"line":1}},"f":{"0":0}}
,"C:\\Users\\Queen Elizabeth\\Desktop\\AFE Partner\\AFE Partner Connect\\my-react-router-app\\build\\client\\assets\\entry.client-CAvdqtJ7.js": {"path":"C:\\Users\\Queen Elizabeth\\Desktop\\AFE Partner\\AFE Partner Connect\\my-react-router-app\\build\\client\\assets\\entry.client-CAvdqtJ7.js","all":true,"statementMap":{"0":{"start":{"line":1,"column":0},"end":{"line":1,"column":310}},"1":{"start":{"line":2,"column":0},"end":{"line":2,"column":17}},"2":{"start":{"line":3,"column":0},"end":{"line":3,"column":26}},"3":{"start":{"line":4,"column":0},"end":{"line":4,"column":2}},"4":{"start":{"line":5,"column":0},"end":{"line":5,"column":53}},"5":{"start":{"line":6,"column":0},"end":{"line":6,"column":2}},"6":{"start":{"line":7,"column":0},"end":{"line":7,"column":66}},"7":{"start":{"line":8,"column":0},"end":{"line":8,"column":58}},"8":{"start":{"line":9,"column":0},"end":{"line":9,"column":3891}},"9":{"start":{"line":10,"column":0},"end":{"line":10,"column":17}},"10":{"start":{"line":11,"column":0},"end":{"line":11,"column":33}},"11":{"start":{"line":12,"column":0},"end":{"line":12,"column":2}},"12":{"start":{"line":13,"column":0},"end":{"line":13,"column":53}},"13":{"start":{"line":14,"column":0},"end":{"line":14,"column":2}},"14":{"start":{"line":15,"column":0},"end":{"line":15,"column":66}},"15":{"start":{"line":16,"column":0},"end":{"line":16,"column":58}},"16":{"start":{"line":17,"column":0},"end":{"line":17,"column":2187}},"17":{"start":{"line":18,"column":0},"end":{"line":18,"column":75}},"18":{"start":{"line":19,"column":0},"end":{"line":19,"column":985}},"19":{"start":{"line":20,"column":0},"end":{"line":20,"column":14}},"20":{"start":{"line":21,"column":0},"end":{"line":21,"column":328}},"21":{"start":{"line":22,"column":0},"end":{"line":22,"column":612}},"22":{"start":{"line":23,"column":0},"end":{"line":23,"column":37}},"23":{"start":{"line":24,"column":0},"end":{"line":24,"column":130033}},"24":{"start":{"line":25,"column":0},"end":{"line":25,"column":33953}},"25":{"start":{"line":26,"column":0},"end":{"line":26,"column":22}},"26":{"start":{"line":27,"column":0},"end":{"line":27,"column":2}},"27":{"start":{"line":28,"column":0},"end":{"line":28,"column":36}},"28":{"start":{"line":29,"column":0},"end":{"line":29,"column":2}},"29":{"start":{"line":30,"column":0},"end":{"line":30,"column":66}},"30":{"start":{"line":31,"column":0},"end":{"line":31,"column":61}},"31":{"start":{"line":32,"column":0},"end":{"line":32,"column":2}},"32":{"start":{"line":33,"column":0},"end":{"line":33,"column":15}},"33":{"start":{"line":34,"column":0},"end":{"line":34,"column":2958}}},"s":{"0":0,"1":0,"2":0,"3":0,"4":0,"5":0,"6":0,"7":0,"8":0,"9":0,"10":0,"11":0,"12":0,"13":0,"14":0,"15":0,"16":0,"17":0,"18":0,"19":0,"20":0,"21":0,"22":0,"23":0,"24":0,"25":0,"26":0,"27":0,"28":0,"29":0,"30":0,"31":0,"32":0,"33":0},"branchMap":{"0":{"type":"branch","line":1,"loc":{"start":{"line":1,"column":0},"end":{"line":34,"column":2958}},"locations":[{"start":{"line":1,"column":0},"end":{"line":34,"column":2958}}]}},"b":{"0":[0]},"fnMap":{"0":{"name":"(empty-report)","decl":{"start":{"line":1,"column":0},"end":{"line":34,"column":2958}},"loc":{"start":{"line":1,"column":0},"end":{"line":34,"column":2958}},"line":1}},"f":{"0":0}}
,"C:\\Users\\Queen Elizabeth\\Desktop\\AFE Partner\\AFE Partner Connect\\my-react-router-app\\build\\client\\assets\\glLibrary-BZlK_DKN.js": {"path":"C:\\Users\\Queen Elizabeth\\Desktop\\AFE Partner\\AFE Partner Connect\\my-react-router-app\\build\\client\\assets\\glLibrary-BZlK_DKN.js","all":true,"statementMap":{"0":{"start":{"line":1,"column":0},"end":{"line":1,"column":201}}},"s":{"0":0},"branchMap":{"0":{"type":"branch","line":1,"loc":{"start":{"line":1,"column":0},"end":{"line":1,"column":201}},"locations":[{"start":{"line":1,"column":0},"end":{"line":1,"column":201}}]}},"b":{"0":[0]},"fnMap":{"0":{"name":"(empty-report)","decl":{"start":{"line":1,"column":0},"end":{"line":1,"column":201}},"loc":{"start":{"line":1,"column":0},"end":{"line":1,"column":201}},"line":1}},"f":{"0":0}}
,"C:\\Users\\Queen Elizabeth\\Desktop\\AFE Partner\\AFE Partner Connect\\my-react-router-app\\build\\client\\assets\\home-BTa9T_q5.js": {"path":"C:\\Users\\Queen Elizabeth\\Desktop\\AFE Partner\\AFE Partner Connect\\my-react-router-app\\build\\client\\assets\\home-BTa9T_q5.js","all":true,"statementMap":{"0":{"start":{"line":1,"column":0},"end":{"line":1,"column":412}}},"s":{"0":0},"branchMap":{"0":{"type":"branch","line":1,"loc":{"start":{"line":1,"column":0},"end":{"line":1,"column":412}},"locations":[{"start":{"line":1,"column":0},"end":{"line":1,"column":412}}]}},"b":{"0":[0]},"fnMap":{"0":{"name":"(empty-report)","decl":{"start":{"line":1,"column":0},"end":{"line":1,"column":412}},"loc":{"start":{"line":1,"column":0},"end":{"line":1,"column":412}},"line":1}},"f":{"0":0}}
,"C:\\Users\\Queen Elizabeth\\Desktop\\AFE Partner\\AFE Partner Connect\\my-react-router-app\\build\\client\\assets\\homeScreen-9EgNCsXj.js": {"path":"C:\\Users\\Queen Elizabeth\\Desktop\\AFE Partner\\AFE Partner Connect\\my-react-router-app\\build\\client\\assets\\homeScreen-9EgNCsXj.js","all":true,"statementMap":{"0":{"start":{"line":1,"column":0},"end":{"line":1,"column":3754}}},"s":{"0":0},"branchMap":{"0":{"type":"branch","line":1,"loc":{"start":{"line":1,"column":0},"end":{"line":1,"column":3754}},"locations":[{"start":{"line":1,"column":0},"end":{"line":1,"column":3754}}]}},"b":{"0":[0]},"fnMap":{"0":{"name":"(empty-report)","decl":{"start":{"line":1,"column":0},"end":{"line":1,"column":3754}},"loc":{"start":{"line":1,"column":0},"end":{"line":1,"column":3754}},"line":1}},"f":{"0":0}}
,"C:\\Users\\Queen Elizabeth\\Desktop\\AFE Partner\\AFE Partner Connect\\my-react-router-app\\build\\client\\assets\\index-B_W4h6gj.js": {"path":"C:\\Users\\Queen Elizabeth\\Desktop\\AFE Partner\\AFE Partner Connect\\my-react-router-app\\build\\client\\assets\\index-B_W4h6gj.js","all":true,"statementMap":{"0":{"start":{"line":1,"column":0},"end":{"line":1,"column":76}},"1":{"start":{"line":2,"column":0},"end":{"line":2,"column":17}},"2":{"start":{"line":3,"column":0},"end":{"line":3,"column":26}},"3":{"start":{"line":4,"column":0},"end":{"line":4,"column":2}},"4":{"start":{"line":5,"column":0},"end":{"line":5,"column":53}},"5":{"start":{"line":6,"column":0},"end":{"line":6,"column":2}},"6":{"start":{"line":7,"column":0},"end":{"line":7,"column":66}},"7":{"start":{"line":8,"column":0},"end":{"line":8,"column":58}},"8":{"start":{"line":9,"column":0},"end":{"line":9,"column":3609}}},"s":{"0":0,"1":0,"2":0,"3":0,"4":0,"5":0,"6":0,"7":0,"8":0},"branchMap":{"0":{"type":"branch","line":1,"loc":{"start":{"line":1,"column":0},"end":{"line":9,"column":3609}},"locations":[{"start":{"line":1,"column":0},"end":{"line":9,"column":3609}}]}},"b":{"0":[0]},"fnMap":{"0":{"name":"(empty-report)","decl":{"start":{"line":1,"column":0},"end":{"line":9,"column":3609}},"loc":{"start":{"line":1,"column":0},"end":{"line":9,"column":3609}},"line":1}},"f":{"0":0}}
,"C:\\Users\\Queen Elizabeth\\Desktop\\AFE Partner\\AFE Partner Connect\\my-react-router-app\\build\\client\\assets\\mainScreen-Ccz3QD7n.js": {"path":"C:\\Users\\Queen Elizabeth\\Desktop\\AFE Partner\\AFE Partner Connect\\my-react-router-app\\build\\client\\assets\\mainScreen-Ccz3QD7n.js","all":true,"statementMap":{"0":{"start":{"line":1,"column":0},"end":{"line":1,"column":15645}},"1":{"start":{"line":2,"column":0},"end":{"line":2,"column":251}},"2":{"start":{"line":3,"column":0},"end":{"line":3,"column":10}},"3":{"start":{"line":4,"column":0},"end":{"line":4,"column":18688}},"4":{"start":{"line":5,"column":0},"end":{"line":5,"column":79047}}},"s":{"0":0,"1":0,"2":0,"3":0,"4":0},"branchMap":{"0":{"type":"branch","line":1,"loc":{"start":{"line":1,"column":0},"end":{"line":5,"column":79047}},"locations":[{"start":{"line":1,"column":0},"end":{"line":5,"column":79047}}]}},"b":{"0":[0]},"fnMap":{"0":{"name":"(empty-report)","decl":{"start":{"line":1,"column":0},"end":{"line":5,"column":79047}},"loc":{"start":{"line":1,"column":0},"end":{"line":5,"column":79047}},"line":1}},"f":{"0":0}}
,"C:\\Users\\Queen Elizabeth\\Desktop\\AFE Partner\\AFE Partner Connect\\my-react-router-app\\build\\client\\assets\\manifest-e0747518.js": {"path":"C:\\Users\\Queen Elizabeth\\Desktop\\AFE Partner\\AFE Partner Connect\\my-react-router-app\\build\\client\\assets\\manifest-e0747518.js","all":true,"statementMap":{"0":{"start":{"line":1,"column":0},"end":{"line":1,"column":5896}}},"s":{"0":0},"branchMap":{"0":{"type":"branch","line":1,"loc":{"start":{"line":1,"column":0},"end":{"line":1,"column":5896}},"locations":[{"start":{"line":1,"column":0},"end":{"line":1,"column":5896}}]}},"b":{"0":[0]},"fnMap":{"0":{"name":"(empty-report)","decl":{"start":{"line":1,"column":0},"end":{"line":1,"column":5896}},"loc":{"start":{"line":1,"column":0},"end":{"line":1,"column":5896}},"line":1}},"f":{"0":0}}
,"C:\\Users\\Queen Elizabeth\\Desktop\\AFE Partner\\AFE Partner Connect\\my-react-router-app\\build\\client\\assets\\missingAFEsupport-DLZDcUIn.js": {"path":"C:\\Users\\Queen Elizabeth\\Desktop\\AFE Partner\\AFE Partner Connect\\my-react-router-app\\build\\client\\assets\\missingAFEsupport-DLZDcUIn.js","all":true,"statementMap":{"0":{"start":{"line":1,"column":0},"end":{"line":1,"column":210}}},"s":{"0":0},"branchMap":{"0":{"type":"branch","line":1,"loc":{"start":{"line":1,"column":0},"end":{"line":1,"column":210}},"locations":[{"start":{"line":1,"column":0},"end":{"line":1,"column":210}}]}},"b":{"0":[0]},"fnMap":{"0":{"name":"(empty-report)","decl":{"start":{"line":1,"column":0},"end":{"line":1,"column":210}},"loc":{"start":{"line":1,"column":0},"end":{"line":1,"column":210}},"line":1}},"f":{"0":0}}
,"C:\\Users\\Queen Elizabeth\\Desktop\\AFE Partner\\AFE Partner Connect\\my-react-router-app\\build\\client\\assets\\notifications-BRB3RQFw.js": {"path":"C:\\Users\\Queen Elizabeth\\Desktop\\AFE Partner\\AFE Partner Connect\\my-react-router-app\\build\\client\\assets\\notifications-BRB3RQFw.js","all":true,"statementMap":{"0":{"start":{"line":1,"column":0},"end":{"line":1,"column":204}}},"s":{"0":0},"branchMap":{"0":{"type":"branch","line":1,"loc":{"start":{"line":1,"column":0},"end":{"line":1,"column":204}},"locations":[{"start":{"line":1,"column":0},"end":{"line":1,"column":204}}]}},"b":{"0":[0]},"fnMap":{"0":{"name":"(empty-report)","decl":{"start":{"line":1,"column":0},"end":{"line":1,"column":204}},"loc":{"start":{"line":1,"column":0},"end":{"line":1,"column":204}},"line":1}},"f":{"0":0}}
,"C:\\Users\\Queen Elizabeth\\Desktop\\AFE Partner\\AFE Partner Connect\\my-react-router-app\\build\\client\\assets\\partnerLibrary-D8WqaMI_.js": {"path":"C:\\Users\\Queen Elizabeth\\Desktop\\AFE Partner\\AFE Partner Connect\\my-react-router-app\\build\\client\\assets\\partnerLibrary-D8WqaMI_.js","all":true,"statementMap":{"0":{"start":{"line":1,"column":0},"end":{"line":1,"column":206}}},"s":{"0":0},"branchMap":{"0":{"type":"branch","line":1,"loc":{"start":{"line":1,"column":0},"end":{"line":1,"column":206}},"locations":[{"start":{"line":1,"column":0},"end":{"line":1,"column":206}}]}},"b":{"0":[0]},"fnMap":{"0":{"name":"(empty-report)","decl":{"start":{"line":1,"column":0},"end":{"line":1,"column":206}},"loc":{"start":{"line":1,"column":0},"end":{"line":1,"column":206}},"line":1}},"f":{"0":0}}
,"C:\\Users\\Queen Elizabeth\\Desktop\\AFE Partner\\AFE Partner Connect\\my-react-router-app\\build\\client\\assets\\root-D633vvFy.js": {"path":"C:\\Users\\Queen Elizabeth\\Desktop\\AFE Partner\\AFE Partner Connect\\my-react-router-app\\build\\client\\assets\\root-D633vvFy.js","all":true,"statementMap":{"0":{"start":{"line":1,"column":0},"end":{"line":1,"column":1026}}},"s":{"0":0},"branchMap":{"0":{"type":"branch","line":1,"loc":{"start":{"line":1,"column":0},"end":{"line":1,"column":1026}},"locations":[{"start":{"line":1,"column":0},"end":{"line":1,"column":1026}}]}},"b":{"0":[0]},"fnMap":{"0":{"name":"(empty-report)","decl":{"start":{"line":1,"column":0},"end":{"line":1,"column":1026}},"loc":{"start":{"line":1,"column":0},"end":{"line":1,"column":1026}},"line":1}},"f":{"0":0}}
,"C:\\Users\\Queen Elizabeth\\Desktop\\AFE Partner\\AFE Partner Connect\\my-react-router-app\\build\\client\\assets\\supportHistory-CBNikXJS.js": {"path":"C:\\Users\\Queen Elizabeth\\Desktop\\AFE Partner\\AFE Partner Connect\\my-react-router-app\\build\\client\\assets\\supportHistory-CBNikXJS.js","all":true,"statementMap":{"0":{"start":{"line":1,"column":0},"end":{"line":1,"column":206}}},"s":{"0":0},"branchMap":{"0":{"type":"branch","line":1,"loc":{"start":{"line":1,"column":0},"end":{"line":1,"column":206}},"locations":[{"start":{"line":1,"column":0},"end":{"line":1,"column":206}}]}},"b":{"0":[0]},"fnMap":{"0":{"name":"(empty-report)","decl":{"start":{"line":1,"column":0},"end":{"line":1,"column":206}},"loc":{"start":{"line":1,"column":0},"end":{"line":1,"column":206}},"line":1}},"f":{"0":0}}
,"C:\\Users\\Queen Elizabeth\\Desktop\\AFE Partner\\AFE Partner Connect\\my-react-router-app\\build\\client\\assets\\systemConfigurations-LYKNTnwH.js": {"path":"C:\\Users\\Queen Elizabeth\\Desktop\\AFE Partner\\AFE Partner Connect\\my-react-router-app\\build\\client\\assets\\systemConfigurations-LYKNTnwH.js","all":true,"statementMap":{"0":{"start":{"line":1,"column":0},"end":{"line":1,"column":952}}},"s":{"0":0},"branchMap":{"0":{"type":"branch","line":1,"loc":{"start":{"line":1,"column":0},"end":{"line":1,"column":952}},"locations":[{"start":{"line":1,"column":0},"end":{"line":1,"column":952}}]}},"b":{"0":[0]},"fnMap":{"0":{"name":"(empty-report)","decl":{"start":{"line":1,"column":0},"end":{"line":1,"column":952}},"loc":{"start":{"line":1,"column":0},"end":{"line":1,"column":952}},"line":1}},"f":{"0":0}}
,"C:\\Users\\Queen Elizabeth\\Desktop\\AFE Partner\\AFE Partner Connect\\my-react-router-app\\build\\client\\assets\\with-props-DC7yjFie.js": {"path":"C:\\Users\\Queen Elizabeth\\Desktop\\AFE Partner\\AFE Partner Connect\\my-react-router-app\\build\\client\\assets\\with-props-DC7yjFie.js","all":true,"statementMap":{"0":{"start":{"line":1,"column":0},"end":{"line":1,"column":352}}},"s":{"0":0},"branchMap":{"0":{"type":"branch","line":1,"loc":{"start":{"line":1,"column":0},"end":{"line":1,"column":352}},"locations":[{"start":{"line":1,"column":0},"end":{"line":1,"column":352}}]}},"b":{"0":[0]},"fnMap":{"0":{"name":"(empty-report)","decl":{"start":{"line":1,"column":0},"end":{"line":1,"column":352}},"loc":{"start":{"line":1,"column":0},"end":{"line":1,"column":352}},"line":1}},"f":{"0":0}}
,"C:\\Users\\Queen Elizabeth\\Desktop\\AFE Partner\\AFE Partner Connect\\my-react-router-app\\provider\\fetch.ts": {"path":"C:\\Users\\Queen Elizabeth\\Desktop\\AFE Partner\\AFE Partner Connect\\my-react-router-app\\provider\\fetch.ts","all":false,"statementMap":{"0":{"start":{"line":1,"column":0},"end":{"line":1,"column":36}},"3":{"start":{"line":4,"column":0},"end":{"line":4,"column":75}},"4":{"start":{"line":5,"column":0},"end":{"line":5,"column":70}},"5":{"start":{"line":6,"column":0},"end":{"line":6,"column":16}},"6":{"start":{"line":7,"column":0},"end":{"line":7,"column":55}},"7":{"start":{"line":8,"column":0},"end":{"line":8,"column":16}},"8":{"start":{"line":9,"column":0},"end":{"line":9,"column":5}},"9":{"start":{"line":10,"column":0},"end":{"line":10,"column":16}},"10":{"start":{"line":11,"column":0},"end":{"line":11,"column":4}},"12":{"start":{"line":13,"column":0},"end":{"line":13,"column":85}},"14":{"start":{"line":15,"column":0},"end":{"line":15,"column":27}},"15":{"start":{"line":16,"column":0},"end":{"line":16,"column":40}},"16":{"start":{"line":17,"column":0},"end":{"line":17,"column":19}},"17":{"start":{"line":18,"column":0},"end":{"line":18,"column":55}},"18":{"start":{"line":19,"column":0},"end":{"line":19,"column":29}},"19":{"start":{"line":20,"column":0},"end":{"line":20,"column":12}},"20":{"start":{"line":21,"column":0},"end":{"line":21,"column":24}},"21":{"start":{"line":22,"column":0},"end":{"line":22,"column":5}},"22":{"start":{"line":23,"column":0},"end":{"line":23,"column":143}},"23":{"start":{"line":24,"column":0},"end":{"line":24,"column":16}},"24":{"start":{"line":25,"column":0},"end":{"line":25,"column":58}},"25":{"start":{"line":26,"column":0},"end":{"line":26,"column":18}},"26":{"start":{"line":27,"column":0},"end":{"line":27,"column":7}},"28":{"start":{"line":29,"column":0},"end":{"line":29,"column":19}},"29":{"start":{"line":30,"column":0},"end":{"line":30,"column":4}},"31":{"start":{"line":32,"column":0},"end":{"line":32,"column":99}},"32":{"start":{"line":33,"column":0},"end":{"line":33,"column":119}},"33":{"start":{"line":34,"column":0},"end":{"line":34,"column":16}},"34":{"start":{"line":35,"column":0},"end":{"line":35,"column":59}},"35":{"start":{"line":36,"column":0},"end":{"line":36,"column":18}},"36":{"start":{"line":37,"column":0},"end":{"line":37,"column":7}},"37":{"start":{"line":38,"column":0},"end":{"line":38,"column":22}},"38":{"start":{"line":39,"column":0},"end":{"line":39,"column":4}},"40":{"start":{"line":41,"column":0},"end":{"line":41,"column":116}},"41":{"start":{"line":42,"column":0},"end":{"line":42,"column":84}},"42":{"start":{"line":43,"column":0},"end":{"line":43,"column":16}},"43":{"start":{"line":44,"column":0},"end":{"line":44,"column":55}},"44":{"start":{"line":45,"column":0},"end":{"line":45,"column":16}},"45":{"start":{"line":46,"column":0},"end":{"line":46,"column":5}},"46":{"start":{"line":47,"column":0},"end":{"line":47,"column":16}},"47":{"start":{"line":48,"column":0},"end":{"line":48,"column":4}},"49":{"start":{"line":50,"column":0},"end":{"line":50,"column":109}},"50":{"start":{"line":51,"column":0},"end":{"line":51,"column":74}},"51":{"start":{"line":52,"column":0},"end":{"line":52,"column":211}},"52":{"start":{"line":53,"column":0},"end":{"line":53,"column":34}},"53":{"start":{"line":54,"column":0},"end":{"line":54,"column":37}},"54":{"start":{"line":55,"column":0},"end":{"line":55,"column":16}},"55":{"start":{"line":56,"column":0},"end":{"line":56,"column":55}},"56":{"start":{"line":57,"column":0},"end":{"line":57,"column":16}},"57":{"start":{"line":58,"column":0},"end":{"line":58,"column":5}},"58":{"start":{"line":59,"column":0},"end":{"line":59,"column":16}},"59":{"start":{"line":60,"column":0},"end":{"line":60,"column":4}}},"s":{"0":1,"3":1,"4":17,"5":17,"6":1,"7":1,"8":1,"9":10,"10":10,"12":1,"14":2,"15":2,"16":2,"17":2,"18":0,"19":2,"20":2,"21":2,"22":2,"23":2,"24":1,"25":1,"26":1,"28":1,"29":1,"31":1,"32":2,"33":2,"34":1,"35":1,"36":1,"37":1,"38":1,"40":1,"41":2,"42":2,"43":1,"44":1,"45":1,"46":1,"47":1,"49":1,"50":2,"51":2,"52":2,"53":2,"54":2,"55":1,"56":1,"57":1,"58":1,"59":1},"branchMap":{"0":{"type":"branch","line":4,"loc":{"start":{"line":4,"column":33},"end":{"line":11,"column":4}},"locations":[{"start":{"line":4,"column":33},"end":{"line":11,"column":4}}]},"1":{"type":"branch","line":5,"loc":{"start":{"line":5,"column":68},"end":{"line":6,"column":15}},"locations":[{"start":{"line":5,"column":68},"end":{"line":6,"column":15}}]},"2":{"type":"branch","line":6,"loc":{"start":{"line":6,"column":15},"end":{"line":9,"column":5}},"locations":[{"start":{"line":6,"column":15},"end":{"line":9,"column":5}}]},"3":{"type":"branch","line":9,"loc":{"start":{"line":9,"column":4},"end":{"line":11,"column":4}},"locations":[{"start":{"line":9,"column":4},"end":{"line":11,"column":4}}]},"4":{"type":"branch","line":13,"loc":{"start":{"line":13,"column":48},"end":{"line":30,"column":4}},"locations":[{"start":{"line":13,"column":48},"end":{"line":30,"column":4}}]},"5":{"type":"branch","line":18,"loc":{"start":{"line":18,"column":54},"end":{"line":20,"column":11}},"locations":[{"start":{"line":18,"column":54},"end":{"line":20,"column":11}}]},"6":{"type":"branch","line":24,"loc":{"start":{"line":24,"column":15},"end":{"line":30,"column":4}},"locations":[{"start":{"line":24,"column":15},"end":{"line":30,"column":4}}]},"7":{"type":"branch","line":32,"loc":{"start":{"line":32,"column":39},"end":{"line":39,"column":4}},"locations":[{"start":{"line":32,"column":39},"end":{"line":39,"column":4}}]},"8":{"type":"branch","line":34,"loc":{"start":{"line":34,"column":15},"end":{"line":39,"column":4}},"locations":[{"start":{"line":34,"column":15},"end":{"line":39,"column":4}}]},"9":{"type":"branch","line":41,"loc":{"start":{"line":41,"column":48},"end":{"line":48,"column":4}},"locations":[{"start":{"line":41,"column":48},"end":{"line":48,"column":4}}]},"10":{"type":"branch","line":43,"loc":{"start":{"line":43,"column":15},"end":{"line":48,"column":4}},"locations":[{"start":{"line":43,"column":15},"end":{"line":48,"column":4}}]},"11":{"type":"branch","line":50,"loc":{"start":{"line":50,"column":64},"end":{"line":60,"column":4}},"locations":[{"start":{"line":50,"column":64},"end":{"line":60,"column":4}}]},"12":{"type":"branch","line":55,"loc":{"start":{"line":55,"column":15},"end":{"line":60,"column":4}},"locations":[{"start":{"line":55,"column":15},"end":{"line":60,"column":4}}]}},"b":{"0":[17],"1":[11],"2":[1],"3":[10],"4":[2],"5":[0],"6":[1],"7":[2],"8":[1],"9":[2],"10":[1],"11":[2],"12":[1]},"fnMap":{"0":{"name":"fetchFromSupabase","decl":{"start":{"line":4,"column":33},"end":{"line":11,"column":4}},"loc":{"start":{"line":4,"column":33},"end":{"line":11,"column":4}},"line":4},"1":{"name":"updateAFEPartnerStatusSupabase","decl":{"start":{"line":13,"column":48},"end":{"line":30,"column":4}},"loc":{"start":{"line":13,"column":48},"end":{"line":30,"column":4}},"line":13},"2":{"name":"addAFEHistorySupabase","decl":{"start":{"line":32,"column":39},"end":{"line":39,"column":4}},"loc":{"start":{"line":32,"column":39},"end":{"line":39,"column":4}},"line":32},"3":{"name":"fetchFromSupabaseMatchOnString","decl":{"start":{"line":41,"column":48},"end":{"line":48,"column":4}},"loc":{"start":{"line":41,"column":48},"end":{"line":48,"column":4}},"line":41},"4":{"name":"fetchEstimatesFromSupabaseMatchOnAFEandPartner","decl":{"start":{"line":50,"column":64},"end":{"line":60,"column":4}},"loc":{"start":{"line":50,"column":64},"end":{"line":60,"column":4}},"line":50}},"f":{"0":17,"1":2,"2":2,"3":2,"4":2}}
,"C:\\Users\\Queen Elizabeth\\Desktop\\AFE Partner\\AFE Partner Connect\\my-react-router-app\\provider\\supabase.js": {"path":"C:\\Users\\Queen Elizabeth\\Desktop\\AFE Partner\\AFE Partner Connect\\my-react-router-app\\provider\\supabase.js","all":false,"statementMap":{"0":{"start":{"line":1,"column":0},"end":{"line":1,"column":52}},"1":{"start":{"line":2,"column":0},"end":{"line":2,"column":0}},"2":{"start":{"line":3,"column":0},"end":{"line":3,"column":54}},"3":{"start":{"line":4,"column":0},"end":{"line":4,"column":59}},"4":{"start":{"line":5,"column":0},"end":{"line":5,"column":56}},"5":{"start":{"line":6,"column":0},"end":{"line":6,"column":0}},"6":{"start":{"line":7,"column":0},"end":{"line":7,"column":23}}},"s":{"0":1,"1":1,"2":1,"3":1,"4":1,"5":1,"6":1},"branchMap":{},"b":{},"fnMap":{},"f":{}}
,"C:\\Users\\Queen Elizabeth\\Desktop\\AFE Partner\\AFE Partner Connect\\my-react-router-app\\provider\\writeExecuteRecords.ts": {"path":"C:\\Users\\Queen Elizabeth\\Desktop\\AFE Partner\\AFE Partner Connect\\my-react-router-app\\provider\\writeExecuteRecords.ts","all":false,"statementMap":{"0":{"start":{"line":1,"column":0},"end":{"line":1,"column":36}},"4":{"start":{"line":5,"column":0},"end":{"line":5,"column":104}},"5":{"start":{"line":6,"column":0},"end":{"line":6,"column":61}},"6":{"start":{"line":7,"column":0},"end":{"line":7,"column":53}},"7":{"start":{"line":8,"column":0},"end":{"line":8,"column":7}},"8":{"start":{"line":9,"column":0},"end":{"line":9,"column":32}},"10":{"start":{"line":11,"column":0},"end":{"line":11,"column":16}},"11":{"start":{"line":12,"column":0},"end":{"line":12,"column":51}},"12":{"start":{"line":13,"column":0},"end":{"line":13,"column":21}},"13":{"start":{"line":14,"column":0},"end":{"line":14,"column":7}},"14":{"start":{"line":15,"column":0},"end":{"line":15,"column":23}},"15":{"start":{"line":16,"column":0},"end":{"line":16,"column":4}},"17":{"start":{"line":18,"column":0},"end":{"line":18,"column":116}},"18":{"start":{"line":19,"column":0},"end":{"line":19,"column":61}},"19":{"start":{"line":20,"column":0},"end":{"line":20,"column":50}},"20":{"start":{"line":21,"column":0},"end":{"line":21,"column":7}},"21":{"start":{"line":22,"column":0},"end":{"line":22,"column":32}},"23":{"start":{"line":24,"column":0},"end":{"line":24,"column":16}},"24":{"start":{"line":25,"column":0},"end":{"line":25,"column":60}},"25":{"start":{"line":26,"column":0},"end":{"line":26,"column":21}},"26":{"start":{"line":27,"column":0},"end":{"line":27,"column":7}},"27":{"start":{"line":28,"column":0},"end":{"line":28,"column":23}},"28":{"start":{"line":29,"column":0},"end":{"line":29,"column":4}}},"s":{"0":1,"4":1,"5":3,"6":3,"7":3,"8":3,"10":2,"11":1,"12":1,"13":1,"14":1,"15":1,"17":1,"18":2,"19":2,"20":2,"21":2,"23":2,"24":1,"25":1,"26":1,"27":1,"28":1},"branchMap":{"0":{"type":"branch","line":5,"loc":{"start":{"line":5,"column":43},"end":{"line":16,"column":4}},"locations":[{"start":{"line":5,"column":43},"end":{"line":16,"column":4}}]},"1":{"type":"branch","line":9,"loc":{"start":{"line":9,"column":26},"end":{"line":16,"column":4}},"locations":[{"start":{"line":9,"column":26},"end":{"line":16,"column":4}}]},"2":{"type":"branch","line":11,"loc":{"start":{"line":11,"column":15},"end":{"line":16,"column":4}},"locations":[{"start":{"line":11,"column":15},"end":{"line":16,"column":4}}]},"3":{"type":"branch","line":18,"loc":{"start":{"line":18,"column":50},"end":{"line":29,"column":4}},"locations":[{"start":{"line":18,"column":50},"end":{"line":29,"column":4}}]},"4":{"type":"branch","line":24,"loc":{"start":{"line":24,"column":15},"end":{"line":29,"column":4}},"locations":[{"start":{"line":24,"column":15},"end":{"line":29,"column":4}}]}},"b":{"0":[3],"1":[2],"2":[1],"3":[2],"4":[1]},"fnMap":{"0":{"name":"writeExecuteAFEtoSupabase","decl":{"start":{"line":5,"column":43},"end":{"line":16,"column":4}},"loc":{"start":{"line":5,"column":43},"end":{"line":16,"column":4}},"line":5},"1":{"name":"writeExecuteAFEEstimatesSupabase","decl":{"start":{"line":18,"column":50},"end":{"line":29,"column":4}},"loc":{"start":{"line":18,"column":50},"end":{"line":29,"column":4}},"line":18}},"f":{"0":3,"1":2}}
,"C:\\Users\\Queen Elizabeth\\Desktop\\AFE Partner\\AFE Partner Connect\\my-react-router-app\\src\\entry.client.tsx": {"path":"C:\\Users\\Queen Elizabeth\\Desktop\\AFE Partner\\AFE Partner Connect\\my-react-router-app\\src\\entry.client.tsx","all":true,"statementMap":{"0":{"start":{"line":1,"column":0},"end":{"line":1,"column":26}},"1":{"start":{"line":2,"column":0},"end":{"line":2,"column":40}},"2":{"start":{"line":3,"column":0},"end":{"line":3,"column":50}},"3":{"start":{"line":4,"column":0},"end":{"line":4,"column":19}},"4":{"start":{"line":5,"column":0},"end":{"line":5,"column":0}},"5":{"start":{"line":6,"column":0},"end":{"line":6,"column":0}},"6":{"start":{"line":7,"column":0},"end":{"line":7,"column":21}},"7":{"start":{"line":8,"column":0},"end":{"line":8,"column":11}},"8":{"start":{"line":9,"column":0},"end":{"line":9,"column":20}},"9":{"start":{"line":10,"column":0},"end":{"line":10,"column":22}},"10":{"start":{"line":11,"column":0},"end":{"line":11,"column":21}},"11":{"start":{"line":12,"column":0},"end":{"line":12,"column":2}}},"s":{"0":0,"1":0,"2":0,"3":0,"4":0,"5":0,"6":0,"7":0,"8":0,"9":0,"10":0,"11":0},"branchMap":{"0":{"type":"branch","line":1,"loc":{"start":{"line":1,"column":0},"end":{"line":12,"column":2}},"locations":[{"start":{"line":1,"column":0},"end":{"line":12,"column":2}}]}},"b":{"0":[0]},"fnMap":{"0":{"name":"(empty-report)","decl":{"start":{"line":1,"column":0},"end":{"line":12,"column":2}},"loc":{"start":{"line":1,"column":0},"end":{"line":12,"column":2}},"line":1}},"f":{"0":0}}
,"C:\\Users\\Queen Elizabeth\\Desktop\\AFE Partner\\AFE Partner Connect\\my-react-router-app\\src\\root.tsx": {"path":"C:\\Users\\Queen Elizabeth\\Desktop\\AFE Partner\\AFE Partner Connect\\my-react-router-app\\src\\root.tsx","all":true,"statementMap":{"0":{"start":{"line":1,"column":0},"end":{"line":1,"column":8}},"1":{"start":{"line":2,"column":0},"end":{"line":2,"column":23}},"2":{"start":{"line":3,"column":0},"end":{"line":3,"column":8}},"3":{"start":{"line":4,"column":0},"end":{"line":4,"column":7}},"4":{"start":{"line":5,"column":0},"end":{"line":5,"column":9}},"5":{"start":{"line":6,"column":0},"end":{"line":6,"column":10}},"6":{"start":{"line":7,"column":0},"end":{"line":7,"column":20}},"7":{"start":{"line":8,"column":0},"end":{"line":8,"column":22}},"8":{"start":{"line":9,"column":0},"end":{"line":9,"column":43}},"9":{"start":{"line":10,"column":0},"end":{"line":10,"column":47}},"10":{"start":{"line":11,"column":0},"end":{"line":11,"column":60}},"11":{"start":{"line":12,"column":0},"end":{"line":12,"column":55}},"12":{"start":{"line":13,"column":0},"end":{"line":13,"column":58}},"13":{"start":{"line":14,"column":0},"end":{"line":14,"column":0}},"14":{"start":{"line":15,"column":0},"end":{"line":15,"column":0}},"15":{"start":{"line":16,"column":0},"end":{"line":16,"column":0}},"16":{"start":{"line":17,"column":0},"end":{"line":17,"column":69}},"17":{"start":{"line":18,"column":0},"end":{"line":18,"column":10}},"18":{"start":{"line":19,"column":0},"end":{"line":19,"column":48}},"19":{"start":{"line":20,"column":0},"end":{"line":20,"column":12}},"20":{"start":{"line":21,"column":0},"end":{"line":21,"column":32}},"21":{"start":{"line":22,"column":0},"end":{"line":22,"column":78}},"22":{"start":{"line":23,"column":0},"end":{"line":23,"column":46}},"23":{"start":{"line":24,"column":0},"end":{"line":24,"column":16}},"24":{"start":{"line":25,"column":0},"end":{"line":25,"column":17}},"25":{"start":{"line":26,"column":0},"end":{"line":26,"column":13}},"26":{"start":{"line":27,"column":0},"end":{"line":27,"column":31}},"27":{"start":{"line":28,"column":0},"end":{"line":28,"column":18}},"28":{"start":{"line":29,"column":0},"end":{"line":29,"column":29}},"29":{"start":{"line":30,"column":0},"end":{"line":30,"column":19}},"30":{"start":{"line":31,"column":0},"end":{"line":31,"column":13}},"31":{"start":{"line":32,"column":0},"end":{"line":32,"column":11}},"32":{"start":{"line":33,"column":0},"end":{"line":33,"column":4}},"33":{"start":{"line":34,"column":0},"end":{"line":34,"column":1}},"34":{"start":{"line":35,"column":0},"end":{"line":35,"column":37}},"35":{"start":{"line":36,"column":0},"end":{"line":36,"column":32}},"36":{"start":{"line":37,"column":0},"end":{"line":37,"column":2}},"37":{"start":{"line":38,"column":0},"end":{"line":38,"column":71}},"38":{"start":{"line":39,"column":0},"end":{"line":39,"column":10}},"39":{"start":{"line":40,"column":0},"end":{"line":40,"column":48}},"40":{"start":{"line":41,"column":0},"end":{"line":41,"column":2}},"41":{"start":{"line":42,"column":0},"end":{"line":42,"column":4}},"42":{"start":{"line":43,"column":0},"end":{"line":43,"column":1}},"43":{"start":{"line":44,"column":0},"end":{"line":44,"column":0}},"44":{"start":{"line":45,"column":0},"end":{"line":45,"column":68}},"45":{"start":{"line":46,"column":0},"end":{"line":46,"column":24}},"46":{"start":{"line":47,"column":0},"end":{"line":47,"column":48}},"47":{"start":{"line":48,"column":0},"end":{"line":48,"column":32}},"48":{"start":{"line":49,"column":0},"end":{"line":49,"column":2}},"49":{"start":{"line":50,"column":0},"end":{"line":50,"column":0}},"50":{"start":{"line":51,"column":0},"end":{"line":51,"column":36}},"51":{"start":{"line":52,"column":0},"end":{"line":52,"column":53}},"52":{"start":{"line":53,"column":0},"end":{"line":53,"column":13}},"53":{"start":{"line":54,"column":0},"end":{"line":54,"column":26}},"54":{"start":{"line":55,"column":0},"end":{"line":55,"column":50}},"55":{"start":{"line":56,"column":0},"end":{"line":56,"column":38}},"56":{"start":{"line":57,"column":0},"end":{"line":57,"column":70}},"57":{"start":{"line":58,"column":0},"end":{"line":58,"column":28}},"58":{"start":{"line":59,"column":0},"end":{"line":59,"column":24}},"59":{"start":{"line":60,"column":0},"end":{"line":60,"column":4}},"60":{"start":{"line":61,"column":0},"end":{"line":61,"column":4}},"61":{"start":{"line":62,"column":0},"end":{"line":62,"column":0}},"62":{"start":{"line":63,"column":0},"end":{"line":63,"column":10}},"63":{"start":{"line":64,"column":0},"end":{"line":64,"column":50}},"64":{"start":{"line":65,"column":0},"end":{"line":65,"column":24}},"65":{"start":{"line":66,"column":0},"end":{"line":66,"column":22}},"66":{"start":{"line":67,"column":0},"end":{"line":67,"column":17}},"67":{"start":{"line":68,"column":0},"end":{"line":68,"column":52}},"68":{"start":{"line":69,"column":0},"end":{"line":69,"column":30}},"69":{"start":{"line":70,"column":0},"end":{"line":70,"column":14}},"70":{"start":{"line":71,"column":0},"end":{"line":71,"column":8}},"71":{"start":{"line":72,"column":0},"end":{"line":72,"column":11}},"72":{"start":{"line":73,"column":0},"end":{"line":73,"column":4}},"73":{"start":{"line":74,"column":0},"end":{"line":74,"column":1}},"74":{"start":{"line":75,"column":0},"end":{"line":75,"column":0}},"75":{"start":{"line":76,"column":0},"end":{"line":76,"column":35}},"76":{"start":{"line":77,"column":0},"end":{"line":77,"column":10}},"77":{"start":{"line":78,"column":0},"end":{"line":78,"column":18}},"78":{"start":{"line":79,"column":0},"end":{"line":79,"column":4}},"79":{"start":{"line":80,"column":0},"end":{"line":80,"column":1}}},"s":{"0":0,"1":0,"2":0,"3":0,"4":0,"5":0,"6":0,"7":0,"8":0,"9":0,"10":0,"11":0,"12":0,"13":0,"14":0,"15":0,"16":0,"17":0,"18":0,"19":0,"20":0,"21":0,"22":0,"23":0,"24":0,"25":0,"26":0,"27":0,"28":0,"29":0,"30":0,"31":0,"32":0,"33":0,"34":0,"35":0,"36":0,"37":0,"38":0,"39":0,"40":0,"41":0,"42":0,"43":0,"44":0,"45":0,"46":0,"47":0,"48":0,"49":0,"50":0,"51":0,"52":0,"53":0,"54":0,"55":0,"56":0,"57":0,"58":0,"59":0,"60":0,"61":0,"62":0,"63":0,"64":0,"65":0,"66":0,"67":0,"68":0,"69":0,"70":0,"71":0,"72":0,"73":0,"74":0,"75":0,"76":0,"77":0,"78":0,"79":0},"branchMap":{"0":{"type":"branch","line":1,"loc":{"start":{"line":1,"column":0},"end":{"line":80,"column":1}},"locations":[{"start":{"line":1,"column":0},"end":{"line":80,"column":1}}]}},"b":{"0":[0]},"fnMap":{"0":{"name":"(empty-report)","decl":{"start":{"line":1,"column":0},"end":{"line":80,"column":1}},"loc":{"start":{"line":1,"column":0},"end":{"line":80,"column":1}},"line":1}},"f":{"0":0}}
,"C:\\Users\\Queen Elizabeth\\Desktop\\AFE Partner\\AFE Partner Connect\\my-react-router-app\\src\\routes.ts": {"path":"C:\\Users\\Queen Elizabeth\\Desktop\\AFE Partner\\AFE Partner Connect\\my-react-router-app\\src\\routes.ts","all":true,"statementMap":{"0":{"start":{"line":1,"column":0},"end":{"line":1,"column":9}},"1":{"start":{"line":2,"column":0},"end":{"line":2,"column":22}},"2":{"start":{"line":3,"column":0},"end":{"line":3,"column":10}},"3":{"start":{"line":4,"column":0},"end":{"line":4,"column":10}},"4":{"start":{"line":5,"column":0},"end":{"line":5,"column":11}},"5":{"start":{"line":6,"column":0},"end":{"line":6,"column":12}},"6":{"start":{"line":7,"column":0},"end":{"line":7,"column":4}},"7":{"start":{"line":8,"column":0},"end":{"line":8,"column":38}},"8":{"start":{"line":9,"column":0},"end":{"line":9,"column":0}},"9":{"start":{"line":10,"column":0},"end":{"line":10,"column":4}},"10":{"start":{"line":11,"column":0},"end":{"line":11,"column":16}},"11":{"start":{"line":12,"column":0},"end":{"line":12,"column":39}},"12":{"start":{"line":13,"column":0},"end":{"line":13,"column":42}},"13":{"start":{"line":14,"column":0},"end":{"line":14,"column":48}},"14":{"start":{"line":15,"column":0},"end":{"line":15,"column":53}},"15":{"start":{"line":16,"column":0},"end":{"line":16,"column":49}},"16":{"start":{"line":17,"column":0},"end":{"line":17,"column":63}},"17":{"start":{"line":18,"column":0},"end":{"line":18,"column":71}},"18":{"start":{"line":19,"column":0},"end":{"line":19,"column":102}},"19":{"start":{"line":20,"column":0},"end":{"line":20,"column":82}},"20":{"start":{"line":21,"column":0},"end":{"line":21,"column":80}},"21":{"start":{"line":22,"column":0},"end":{"line":22,"column":90}},"22":{"start":{"line":23,"column":0},"end":{"line":23,"column":7}},"23":{"start":{"line":24,"column":0},"end":{"line":24,"column":57}},"24":{"start":{"line":25,"column":0},"end":{"line":25,"column":68}},"25":{"start":{"line":26,"column":0},"end":{"line":26,"column":74}},"26":{"start":{"line":27,"column":0},"end":{"line":27,"column":60}},"27":{"start":{"line":28,"column":0},"end":{"line":28,"column":66}},"28":{"start":{"line":29,"column":0},"end":{"line":29,"column":58}},"29":{"start":{"line":30,"column":0},"end":{"line":30,"column":4}},"30":{"start":{"line":31,"column":0},"end":{"line":31,"column":4}},"31":{"start":{"line":32,"column":0},"end":{"line":32,"column":52}},"32":{"start":{"line":33,"column":0},"end":{"line":33,"column":50}},"33":{"start":{"line":34,"column":0},"end":{"line":34,"column":4}},"34":{"start":{"line":35,"column":0},"end":{"line":35,"column":2}},"35":{"start":{"line":36,"column":0},"end":{"line":36,"column":24}}},"s":{"0":0,"1":0,"2":0,"3":0,"4":0,"5":0,"6":0,"7":0,"8":0,"9":0,"10":0,"11":0,"12":0,"13":0,"14":0,"15":0,"16":0,"17":0,"18":0,"19":0,"20":0,"21":0,"22":0,"23":0,"24":0,"25":0,"26":0,"27":0,"28":0,"29":0,"30":0,"31":0,"32":0,"33":0,"34":0,"35":0},"branchMap":{"0":{"type":"branch","line":1,"loc":{"start":{"line":1,"column":0},"end":{"line":36,"column":24}},"locations":[{"start":{"line":1,"column":0},"end":{"line":36,"column":24}}]}},"b":{"0":[0]},"fnMap":{"0":{"name":"(empty-report)","decl":{"start":{"line":1,"column":0},"end":{"line":36,"column":24}},"loc":{"start":{"line":1,"column":0},"end":{"line":36,"column":24}},"line":1}},"f":{"0":0}}
,"C:\\Users\\Queen Elizabeth\\Desktop\\AFE Partner\\AFE Partner Connect\\my-react-router-app\\src\\helpers\\helpers.tsx": {"path":"C:\\Users\\Queen Elizabeth\\Desktop\\AFE Partner\\AFE Partner Connect\\my-react-router-app\\src\\helpers\\helpers.tsx","all":false,"statementMap":{"0":{"start":{"line":1,"column":0},"end":{"line":1,"column":106}},"2":{"start":{"line":3,"column":0},"end":{"line":3,"column":67}},"5":{"start":{"line":6,"column":0},"end":{"line":6,"column":137}},"6":{"start":{"line":7,"column":0},"end":{"line":7,"column":45}},"7":{"start":{"line":8,"column":0},"end":{"line":8,"column":15}},"8":{"start":{"line":9,"column":0},"end":{"line":9,"column":12}},"9":{"start":{"line":10,"column":0},"end":{"line":10,"column":57}},"10":{"start":{"line":11,"column":0},"end":{"line":11,"column":49}},"11":{"start":{"line":12,"column":0},"end":{"line":12,"column":3}},"12":{"start":{"line":13,"column":0},"end":{"line":13,"column":2}},"14":{"start":{"line":15,"column":0},"end":{"line":15,"column":82}},"15":{"start":{"line":16,"column":0},"end":{"line":16,"column":31}},"16":{"start":{"line":17,"column":0},"end":{"line":17,"column":2}},"18":{"start":{"line":19,"column":0},"end":{"line":19,"column":123}},"19":{"start":{"line":20,"column":0},"end":{"line":20,"column":27}},"20":{"start":{"line":21,"column":0},"end":{"line":21,"column":51}},"21":{"start":{"line":22,"column":0},"end":{"line":22,"column":64}},"22":{"start":{"line":23,"column":0},"end":{"line":23,"column":37}},"23":{"start":{"line":24,"column":0},"end":{"line":24,"column":36}},"24":{"start":{"line":25,"column":0},"end":{"line":25,"column":9}},"25":{"start":{"line":26,"column":0},"end":{"line":26,"column":49}},"26":{"start":{"line":27,"column":0},"end":{"line":27,"column":19}},"27":{"start":{"line":28,"column":0},"end":{"line":28,"column":53}},"28":{"start":{"line":29,"column":0},"end":{"line":29,"column":12}},"29":{"start":{"line":30,"column":0},"end":{"line":30,"column":18}},"30":{"start":{"line":31,"column":0},"end":{"line":31,"column":5}},"31":{"start":{"line":32,"column":0},"end":{"line":32,"column":4}},"33":{"start":{"line":34,"column":0},"end":{"line":34,"column":83}},"34":{"start":{"line":35,"column":0},"end":{"line":35,"column":22}},"35":{"start":{"line":36,"column":0},"end":{"line":36,"column":107}},"36":{"start":{"line":37,"column":0},"end":{"line":37,"column":43}},"37":{"start":{"line":38,"column":0},"end":{"line":38,"column":36}},"38":{"start":{"line":39,"column":0},"end":{"line":39,"column":43}},"39":{"start":{"line":40,"column":0},"end":{"line":40,"column":40}},"40":{"start":{"line":41,"column":0},"end":{"line":41,"column":12}},"41":{"start":{"line":42,"column":0},"end":{"line":42,"column":43}},"42":{"start":{"line":43,"column":0},"end":{"line":43,"column":5}},"43":{"start":{"line":44,"column":0},"end":{"line":44,"column":4}},"45":{"start":{"line":46,"column":0},"end":{"line":46,"column":84}},"46":{"start":{"line":47,"column":0},"end":{"line":47,"column":58}},"47":{"start":{"line":48,"column":0},"end":{"line":48,"column":20}},"48":{"start":{"line":49,"column":0},"end":{"line":49,"column":97}},"49":{"start":{"line":50,"column":0},"end":{"line":50,"column":20}},"50":{"start":{"line":51,"column":0},"end":{"line":51,"column":14}},"51":{"start":{"line":52,"column":0},"end":{"line":52,"column":19}},"52":{"start":{"line":53,"column":0},"end":{"line":53,"column":7}},"53":{"start":{"line":54,"column":0},"end":{"line":54,"column":6}}},"s":{"0":1,"2":1,"5":1,"6":3,"7":1,"8":3,"9":2,"10":2,"11":2,"12":1,"14":1,"15":85,"16":1,"18":1,"19":80,"20":36,"21":37,"22":37,"23":36,"24":36,"25":37,"26":37,"27":36,"28":79,"29":44,"30":44,"31":1,"33":1,"34":82,"35":42,"36":82,"37":1,"38":40,"39":1,"40":38,"41":38,"42":38,"43":1,"45":1,"46":91,"47":40,"48":91,"49":43,"50":49,"51":8,"52":8,"53":1},"branchMap":{"0":{"type":"branch","line":6,"loc":{"start":{"line":6,"column":7},"end":{"line":13,"column":1}},"locations":[{"start":{"line":6,"column":7},"end":{"line":13,"column":1}}]},"1":{"type":"branch","line":7,"loc":{"start":{"line":7,"column":44},"end":{"line":9,"column":11}},"locations":[{"start":{"line":7,"column":44},"end":{"line":9,"column":11}}]},"2":{"type":"branch","line":9,"loc":{"start":{"line":9,"column":4},"end":{"line":12,"column":3}},"locations":[{"start":{"line":9,"column":4},"end":{"line":12,"column":3}}]},"3":{"type":"branch","line":15,"loc":{"start":{"line":15,"column":7},"end":{"line":17,"column":1}},"locations":[{"start":{"line":15,"column":7},"end":{"line":17,"column":1}}]},"4":{"type":"branch","line":19,"loc":{"start":{"line":19,"column":7},"end":{"line":32,"column":3}},"locations":[{"start":{"line":19,"column":7},"end":{"line":32,"column":3}}]},"5":{"type":"branch","line":20,"loc":{"start":{"line":20,"column":26},"end":{"line":31,"column":5}},"locations":[{"start":{"line":20,"column":26},"end":{"line":31,"column":5}}]},"6":{"type":"branch","line":20,"loc":{"start":{"line":20,"column":26},"end":{"line":29,"column":11}},"locations":[{"start":{"line":20,"column":26},"end":{"line":29,"column":11}}]},"7":{"type":"branch","line":29,"loc":{"start":{"line":29,"column":4},"end":{"line":31,"column":5}},"locations":[{"start":{"line":29,"column":4},"end":{"line":31,"column":5}}]},"8":{"type":"branch","line":21,"loc":{"start":{"line":21,"column":28},"end":{"line":28,"column":9}},"locations":[{"start":{"line":21,"column":28},"end":{"line":28,"column":9}}]},"9":{"type":"branch","line":23,"loc":{"start":{"line":23,"column":36},"end":{"line":25,"column":9}},"locations":[{"start":{"line":23,"column":36},"end":{"line":25,"column":9}}]},"10":{"type":"branch","line":34,"loc":{"start":{"line":34,"column":7},"end":{"line":44,"column":3}},"locations":[{"start":{"line":34,"column":7},"end":{"line":44,"column":3}}]},"11":{"type":"branch","line":35,"loc":{"start":{"line":35,"column":8},"end":{"line":35,"column":21}},"locations":[{"start":{"line":35,"column":8},"end":{"line":35,"column":21}}]},"12":{"type":"branch","line":35,"loc":{"start":{"line":35,"column":21},"end":{"line":37,"column":15}},"locations":[{"start":{"line":35,"column":21},"end":{"line":37,"column":15}}]},"13":{"type":"branch","line":37,"loc":{"start":{"line":37,"column":4},"end":{"line":43,"column":5}},"locations":[{"start":{"line":37,"column":4},"end":{"line":43,"column":5}}]},"14":{"type":"branch","line":37,"loc":{"start":{"line":37,"column":25},"end":{"line":37,"column":42}},"locations":[{"start":{"line":37,"column":25},"end":{"line":37,"column":42}}]},"15":{"type":"branch","line":37,"loc":{"start":{"line":37,"column":42},"end":{"line":39,"column":15}},"locations":[{"start":{"line":37,"column":42},"end":{"line":39,"column":15}}]},"16":{"type":"branch","line":39,"loc":{"start":{"line":39,"column":4},"end":{"line":43,"column":5}},"locations":[{"start":{"line":39,"column":4},"end":{"line":43,"column":5}}]},"17":{"type":"branch","line":39,"loc":{"start":{"line":39,"column":15},"end":{"line":39,"column":42}},"locations":[{"start":{"line":39,"column":15},"end":{"line":39,"column":42}}]},"18":{"type":"branch","line":39,"loc":{"start":{"line":39,"column":42},"end":{"line":43,"column":5}},"locations":[{"start":{"line":39,"column":42},"end":{"line":43,"column":5}}]},"19":{"type":"branch","line":39,"loc":{"start":{"line":39,"column":42},"end":{"line":41,"column":11}},"locations":[{"start":{"line":39,"column":42},"end":{"line":41,"column":11}}]},"20":{"type":"branch","line":46,"loc":{"start":{"line":46,"column":9},"end":{"line":54,"column":5}},"locations":[{"start":{"line":46,"column":9},"end":{"line":54,"column":5}}]},"21":{"type":"branch","line":47,"loc":{"start":{"line":47,"column":24},"end":{"line":47,"column":57}},"locations":[{"start":{"line":47,"column":24},"end":{"line":47,"column":57}}]},"22":{"type":"branch","line":47,"loc":{"start":{"line":47,"column":57},"end":{"line":49,"column":17}},"locations":[{"start":{"line":47,"column":57},"end":{"line":49,"column":17}}]},"23":{"type":"branch","line":49,"loc":{"start":{"line":49,"column":6},"end":{"line":53,"column":7}},"locations":[{"start":{"line":49,"column":6},"end":{"line":53,"column":7}}]},"24":{"type":"branch","line":49,"loc":{"start":{"line":49,"column":47},"end":{"line":49,"column":96}},"locations":[{"start":{"line":49,"column":47},"end":{"line":49,"column":96}}]},"25":{"type":"branch","line":49,"loc":{"start":{"line":49,"column":96},"end":{"line":53,"column":7}},"locations":[{"start":{"line":49,"column":96},"end":{"line":53,"column":7}}]},"26":{"type":"branch","line":49,"loc":{"start":{"line":49,"column":96},"end":{"line":51,"column":13}},"locations":[{"start":{"line":49,"column":96},"end":{"line":51,"column":13}}]},"27":{"type":"branch","line":51,"loc":{"start":{"line":51,"column":6},"end":{"line":53,"column":7}},"locations":[{"start":{"line":51,"column":6},"end":{"line":53,"column":7}}]}},"b":{"0":[3],"1":[1],"2":[2],"3":[85],"4":[80],"5":[79],"6":[36],"7":[44],"8":[37],"9":[36],"10":[82],"11":[43],"12":[42],"13":[40],"14":[39],"15":[1],"16":[39],"17":[1],"18":[38],"19":[1],"20":[91],"21":[53],"22":[40],"23":[51],"24":[9],"25":[49],"26":[43],"27":[8]},"fnMap":{"0":{"name":"handlePartnerStatusChange","decl":{"start":{"line":6,"column":7},"end":{"line":13,"column":1}},"loc":{"start":{"line":6,"column":7},"end":{"line":13,"column":1}},"line":6},"1":{"name":"setAFEHistoryMaxID","decl":{"start":{"line":15,"column":7},"end":{"line":17,"column":1}},"loc":{"start":{"line":15,"column":7},"end":{"line":17,"column":1}},"line":15},"2":{"name":"groupByAccountGroup","decl":{"start":{"line":19,"column":7},"end":{"line":32,"column":3}},"loc":{"start":{"line":19,"column":7},"end":{"line":32,"column":3}},"line":19},"3":{"name":"calcPartnerNet","decl":{"start":{"line":34,"column":7},"end":{"line":44,"column":3}},"loc":{"start":{"line":34,"column":7},"end":{"line":44,"column":3}},"line":34},"4":{"name":"toggleStatusButtonDisable","decl":{"start":{"line":46,"column":9},"end":{"line":54,"column":5}},"loc":{"start":{"line":46,"column":9},"end":{"line":54,"column":5}},"line":46}},"f":{"0":3,"1":85,"2":80,"3":82,"4":91}}
,"C:\\Users\\Queen Elizabeth\\Desktop\\AFE Partner\\AFE Partner Connect\\my-react-router-app\\src\\helpers\\styleHelpers.tsx": {"path":"C:\\Users\\Queen Elizabeth\\Desktop\\AFE Partner\\AFE Partner Connect\\my-react-router-app\\src\\helpers\\styleHelpers.tsx","all":false,"statementMap":{"1":{"start":{"line":2,"column":0},"end":{"line":2,"column":79}},"2":{"start":{"line":3,"column":0},"end":{"line":3,"column":96}},"3":{"start":{"line":4,"column":0},"end":{"line":4,"column":23}},"4":{"start":{"line":5,"column":0},"end":{"line":5,"column":42}},"5":{"start":{"line":6,"column":0},"end":{"line":6,"column":39}},"6":{"start":{"line":7,"column":0},"end":{"line":7,"column":45}},"7":{"start":{"line":8,"column":0},"end":{"line":8,"column":36}},"8":{"start":{"line":9,"column":0},"end":{"line":9,"column":47}},"9":{"start":{"line":10,"column":0},"end":{"line":10,"column":23}},"10":{"start":{"line":11,"column":0},"end":{"line":11,"column":47}},"11":{"start":{"line":12,"column":0},"end":{"line":12,"column":23}},"12":{"start":{"line":13,"column":0},"end":{"line":13,"column":12}},"13":{"start":{"line":14,"column":0},"end":{"line":14,"column":23}},"14":{"start":{"line":15,"column":0},"end":{"line":15,"column":5}},"16":{"start":{"line":17,"column":0},"end":{"line":17,"column":1}},"18":{"start":{"line":19,"column":0},"end":{"line":19,"column":85}},"19":{"start":{"line":20,"column":0},"end":{"line":20,"column":96}},"20":{"start":{"line":21,"column":0},"end":{"line":21,"column":23}},"21":{"start":{"line":22,"column":0},"end":{"line":22,"column":42}},"22":{"start":{"line":23,"column":0},"end":{"line":23,"column":23}},"23":{"start":{"line":24,"column":0},"end":{"line":24,"column":45}},"24":{"start":{"line":25,"column":0},"end":{"line":25,"column":39}},"25":{"start":{"line":26,"column":0},"end":{"line":26,"column":47}},"26":{"start":{"line":27,"column":0},"end":{"line":27,"column":38}},"27":{"start":{"line":28,"column":0},"end":{"line":28,"column":47}},"28":{"start":{"line":29,"column":0},"end":{"line":29,"column":25}},"29":{"start":{"line":30,"column":0},"end":{"line":30,"column":12}},"30":{"start":{"line":31,"column":0},"end":{"line":31,"column":23}},"31":{"start":{"line":32,"column":0},"end":{"line":32,"column":5}},"32":{"start":{"line":33,"column":0},"end":{"line":33,"column":1}},"34":{"start":{"line":35,"column":0},"end":{"line":35,"column":79}},"35":{"start":{"line":36,"column":0},"end":{"line":36,"column":96}},"36":{"start":{"line":37,"column":0},"end":{"line":37,"column":23}},"37":{"start":{"line":38,"column":0},"end":{"line":38,"column":42}},"38":{"start":{"line":39,"column":0},"end":{"line":39,"column":39}},"39":{"start":{"line":40,"column":0},"end":{"line":40,"column":45}},"40":{"start":{"line":41,"column":0},"end":{"line":41,"column":42}},"41":{"start":{"line":42,"column":0},"end":{"line":42,"column":47}},"42":{"start":{"line":43,"column":0},"end":{"line":43,"column":41}},"43":{"start":{"line":44,"column":0},"end":{"line":44,"column":47}},"44":{"start":{"line":45,"column":0},"end":{"line":45,"column":25}},"45":{"start":{"line":46,"column":0},"end":{"line":46,"column":12}},"46":{"start":{"line":47,"column":0},"end":{"line":47,"column":23}},"47":{"start":{"line":48,"column":0},"end":{"line":48,"column":5}},"49":{"start":{"line":50,"column":0},"end":{"line":50,"column":77}},"50":{"start":{"line":51,"column":0},"end":{"line":51,"column":48}},"51":{"start":{"line":52,"column":0},"end":{"line":52,"column":21}},"52":{"start":{"line":53,"column":0},"end":{"line":53,"column":12}},"53":{"start":{"line":54,"column":0},"end":{"line":54,"column":20}},"54":{"start":{"line":55,"column":0},"end":{"line":55,"column":5}},"55":{"start":{"line":56,"column":0},"end":{"line":56,"column":1}},"56":{"start":{"line":57,"column":0},"end":{"line":57,"column":1}}},"s":{"1":1,"2":13,"3":2,"4":13,"5":7,"6":11,"7":1,"8":4,"9":1,"10":3,"11":1,"12":1,"13":1,"14":1,"16":13,"18":1,"19":13,"20":2,"21":13,"22":7,"23":11,"24":1,"25":4,"26":1,"27":3,"28":1,"29":1,"30":1,"31":1,"32":13,"34":1,"35":13,"36":2,"37":13,"38":7,"39":11,"40":1,"41":4,"42":1,"43":3,"44":1,"45":1,"46":1,"47":1,"49":1,"50":28,"51":14,"52":14,"53":14,"54":14,"55":28,"56":1},"branchMap":{"0":{"type":"branch","line":2,"loc":{"start":{"line":2,"column":7},"end":{"line":17,"column":1}},"locations":[{"start":{"line":2,"column":7},"end":{"line":17,"column":1}}]},"1":{"type":"branch","line":3,"loc":{"start":{"line":3,"column":27},"end":{"line":3,"column":67}},"locations":[{"start":{"line":3,"column":27},"end":{"line":3,"column":67}}]},"2":{"type":"branch","line":3,"loc":{"start":{"line":3,"column":54},"end":{"line":3,"column":95}},"locations":[{"start":{"line":3,"column":54},"end":{"line":3,"column":95}}]},"3":{"type":"branch","line":3,"loc":{"start":{"line":3,"column":95},"end":{"line":5,"column":15}},"locations":[{"start":{"line":3,"column":95},"end":{"line":5,"column":15}}]},"4":{"type":"branch","line":5,"loc":{"start":{"line":5,"column":4},"end":{"line":15,"column":5}},"locations":[{"start":{"line":5,"column":4},"end":{"line":15,"column":5}}]},"5":{"type":"branch","line":5,"loc":{"start":{"line":5,"column":41},"end":{"line":7,"column":15}},"locations":[{"start":{"line":5,"column":41},"end":{"line":7,"column":15}}]},"6":{"type":"branch","line":7,"loc":{"start":{"line":7,"column":4},"end":{"line":15,"column":5}},"locations":[{"start":{"line":7,"column":4},"end":{"line":15,"column":5}}]},"7":{"type":"branch","line":7,"loc":{"start":{"line":7,"column":44},"end":{"line":9,"column":15}},"locations":[{"start":{"line":7,"column":44},"end":{"line":9,"column":15}}]},"8":{"type":"branch","line":9,"loc":{"start":{"line":9,"column":4},"end":{"line":15,"column":5}},"locations":[{"start":{"line":9,"column":4},"end":{"line":15,"column":5}}]},"9":{"type":"branch","line":9,"loc":{"start":{"line":9,"column":46},"end":{"line":11,"column":15}},"locations":[{"start":{"line":9,"column":46},"end":{"line":11,"column":15}}]},"10":{"type":"branch","line":11,"loc":{"start":{"line":11,"column":4},"end":{"line":15,"column":5}},"locations":[{"start":{"line":11,"column":4},"end":{"line":15,"column":5}}]},"11":{"type":"branch","line":11,"loc":{"start":{"line":11,"column":46},"end":{"line":15,"column":5}},"locations":[{"start":{"line":11,"column":46},"end":{"line":15,"column":5}}]},"12":{"type":"branch","line":19,"loc":{"start":{"line":19,"column":7},"end":{"line":33,"column":1}},"locations":[{"start":{"line":19,"column":7},"end":{"line":33,"column":1}}]},"13":{"type":"branch","line":20,"loc":{"start":{"line":20,"column":27},"end":{"line":20,"column":67}},"locations":[{"start":{"line":20,"column":27},"end":{"line":20,"column":67}}]},"14":{"type":"branch","line":20,"loc":{"start":{"line":20,"column":54},"end":{"line":20,"column":95}},"locations":[{"start":{"line":20,"column":54},"end":{"line":20,"column":95}}]},"15":{"type":"branch","line":20,"loc":{"start":{"line":20,"column":95},"end":{"line":22,"column":15}},"locations":[{"start":{"line":20,"column":95},"end":{"line":22,"column":15}}]},"16":{"type":"branch","line":22,"loc":{"start":{"line":22,"column":4},"end":{"line":32,"column":5}},"locations":[{"start":{"line":22,"column":4},"end":{"line":32,"column":5}}]},"17":{"type":"branch","line":22,"loc":{"start":{"line":22,"column":41},"end":{"line":24,"column":15}},"locations":[{"start":{"line":22,"column":41},"end":{"line":24,"column":15}}]},"18":{"type":"branch","line":24,"loc":{"start":{"line":24,"column":4},"end":{"line":32,"column":5}},"locations":[{"start":{"line":24,"column":4},"end":{"line":32,"column":5}}]},"19":{"type":"branch","line":24,"loc":{"start":{"line":24,"column":44},"end":{"line":26,"column":15}},"locations":[{"start":{"line":24,"column":44},"end":{"line":26,"column":15}}]},"20":{"type":"branch","line":26,"loc":{"start":{"line":26,"column":4},"end":{"line":32,"column":5}},"locations":[{"start":{"line":26,"column":4},"end":{"line":32,"column":5}}]},"21":{"type":"branch","line":26,"loc":{"start":{"line":26,"column":46},"end":{"line":28,"column":15}},"locations":[{"start":{"line":26,"column":46},"end":{"line":28,"column":15}}]},"22":{"type":"branch","line":28,"loc":{"start":{"line":28,"column":4},"end":{"line":32,"column":5}},"locations":[{"start":{"line":28,"column":4},"end":{"line":32,"column":5}}]},"23":{"type":"branch","line":28,"loc":{"start":{"line":28,"column":46},"end":{"line":32,"column":5}},"locations":[{"start":{"line":28,"column":46},"end":{"line":32,"column":5}}]},"24":{"type":"branch","line":35,"loc":{"start":{"line":35,"column":7},"end":{"line":50,"column":8}},"locations":[{"start":{"line":35,"column":7},"end":{"line":50,"column":8}}]},"25":{"type":"branch","line":36,"loc":{"start":{"line":36,"column":27},"end":{"line":36,"column":67}},"locations":[{"start":{"line":36,"column":27},"end":{"line":36,"column":67}}]},"26":{"type":"branch","line":36,"loc":{"start":{"line":36,"column":54},"end":{"line":36,"column":95}},"locations":[{"start":{"line":36,"column":54},"end":{"line":36,"column":95}}]},"27":{"type":"branch","line":36,"loc":{"start":{"line":36,"column":95},"end":{"line":38,"column":15}},"locations":[{"start":{"line":36,"column":95},"end":{"line":38,"column":15}}]},"28":{"type":"branch","line":38,"loc":{"start":{"line":38,"column":4},"end":{"line":48,"column":5}},"locations":[{"start":{"line":38,"column":4},"end":{"line":48,"column":5}}]},"29":{"type":"branch","line":38,"loc":{"start":{"line":38,"column":41},"end":{"line":40,"column":15}},"locations":[{"start":{"line":38,"column":41},"end":{"line":40,"column":15}}]},"30":{"type":"branch","line":40,"loc":{"start":{"line":40,"column":4},"end":{"line":48,"column":5}},"locations":[{"start":{"line":40,"column":4},"end":{"line":48,"column":5}}]},"31":{"type":"branch","line":40,"loc":{"start":{"line":40,"column":44},"end":{"line":42,"column":15}},"locations":[{"start":{"line":40,"column":44},"end":{"line":42,"column":15}}]},"32":{"type":"branch","line":42,"loc":{"start":{"line":42,"column":4},"end":{"line":48,"column":5}},"locations":[{"start":{"line":42,"column":4},"end":{"line":48,"column":5}}]},"33":{"type":"branch","line":42,"loc":{"start":{"line":42,"column":46},"end":{"line":44,"column":15}},"locations":[{"start":{"line":42,"column":46},"end":{"line":44,"column":15}}]},"34":{"type":"branch","line":44,"loc":{"start":{"line":44,"column":4},"end":{"line":48,"column":5}},"locations":[{"start":{"line":44,"column":4},"end":{"line":48,"column":5}}]},"35":{"type":"branch","line":44,"loc":{"start":{"line":44,"column":46},"end":{"line":48,"column":5}},"locations":[{"start":{"line":44,"column":46},"end":{"line":48,"column":5}}]},"36":{"type":"branch","line":50,"loc":{"start":{"line":50,"column":8},"end":{"line":56,"column":1}},"locations":[{"start":{"line":50,"column":8},"end":{"line":56,"column":1}}]},"37":{"type":"branch","line":51,"loc":{"start":{"line":51,"column":17},"end":{"line":51,"column":47}},"locations":[{"start":{"line":51,"column":17},"end":{"line":51,"column":47}}]},"38":{"type":"branch","line":51,"loc":{"start":{"line":51,"column":47},"end":{"line":55,"column":5}},"locations":[{"start":{"line":51,"column":47},"end":{"line":55,"column":5}}]}},"b":{"0":[13],"1":[12],"2":[11],"3":[2],"4":[11],"5":[7],"6":[4],"7":[1],"8":[3],"9":[1],"10":[2],"11":[1],"12":[13],"13":[12],"14":[11],"15":[2],"16":[11],"17":[7],"18":[4],"19":[1],"20":[3],"21":[1],"22":[2],"23":[1],"24":[13],"25":[12],"26":[11],"27":[2],"28":[11],"29":[7],"30":[4],"31":[1],"32":[3],"33":[1],"34":[2],"35":[1],"36":[28],"37":[27],"38":[14]},"fnMap":{"0":{"name":"setStatusTextColor","decl":{"start":{"line":2,"column":7},"end":{"line":17,"column":1}},"loc":{"start":{"line":2,"column":7},"end":{"line":17,"column":1}},"line":2},"1":{"name":"setStatusBackgroundColor","decl":{"start":{"line":19,"column":7},"end":{"line":33,"column":1}},"loc":{"start":{"line":19,"column":7},"end":{"line":33,"column":1}},"line":19},"2":{"name":"setStatusRingColor","decl":{"start":{"line":35,"column":7},"end":{"line":50,"column":8}},"loc":{"start":{"line":35,"column":7},"end":{"line":50,"column":8}},"line":35},"3":{"name":"setIsHidden","decl":{"start":{"line":50,"column":8},"end":{"line":56,"column":1}},"loc":{"start":{"line":50,"column":8},"end":{"line":56,"column":1}},"line":50}},"f":{"0":13,"1":13,"2":13,"3":28}}
,"C:\\Users\\Queen Elizabeth\\Desktop\\AFE Partner\\AFE Partner Connect\\my-react-router-app\\src\\routes\\afe.tsx": {"path":"C:\\Users\\Queen Elizabeth\\Desktop\\AFE Partner\\AFE Partner Connect\\my-react-router-app\\src\\routes\\afe.tsx","all":false,"statementMap":{"0":{"start":{"line":1,"column":0},"end":{"line":1,"column":36}},"1":{"start":{"line":2,"column":0},"end":{"line":2,"column":59}},"2":{"start":{"line":3,"column":0},"end":{"line":3,"column":84}},"3":{"start":{"line":4,"column":0},"end":{"line":4,"column":93}},"4":{"start":{"line":5,"column":0},"end":{"line":5,"column":108}},"5":{"start":{"line":6,"column":0},"end":{"line":6,"column":64}},"6":{"start":{"line":7,"column":0},"end":{"line":7,"column":55}},"8":{"start":{"line":9,"column":0},"end":{"line":9,"column":31}},"10":{"start":{"line":11,"column":0},"end":{"line":11,"column":44}},"11":{"start":{"line":12,"column":0},"end":{"line":12,"column":37}},"12":{"start":{"line":13,"column":0},"end":{"line":13,"column":42}},"13":{"start":{"line":14,"column":0},"end":{"line":14,"column":87}},"14":{"start":{"line":15,"column":0},"end":{"line":15,"column":93}},"16":{"start":{"line":17,"column":0},"end":{"line":17,"column":10}},"17":{"start":{"line":18,"column":0},"end":{"line":18,"column":6}},"18":{"start":{"line":19,"column":0},"end":{"line":19,"column":48}},"19":{"start":{"line":20,"column":0},"end":{"line":20,"column":165}},"20":{"start":{"line":21,"column":0},"end":{"line":21,"column":42}},"21":{"start":{"line":22,"column":0},"end":{"line":22,"column":92}},"22":{"start":{"line":23,"column":0},"end":{"line":23,"column":81}},"23":{"start":{"line":24,"column":0},"end":{"line":24,"column":12}},"24":{"start":{"line":25,"column":0},"end":{"line":25,"column":64}},"25":{"start":{"line":26,"column":0},"end":{"line":26,"column":124}},"26":{"start":{"line":27,"column":0},"end":{"line":27,"column":12}},"27":{"start":{"line":28,"column":0},"end":{"line":28,"column":10}},"29":{"start":{"line":30,"column":0},"end":{"line":30,"column":12}},"30":{"start":{"line":31,"column":0},"end":{"line":31,"column":153}},"31":{"start":{"line":32,"column":0},"end":{"line":32,"column":35}},"33":{"start":{"line":34,"column":0},"end":{"line":34,"column":27}},"34":{"start":{"line":35,"column":0},"end":{"line":35,"column":46}},"35":{"start":{"line":36,"column":0},"end":{"line":36,"column":174}},"37":{"start":{"line":38,"column":0},"end":{"line":38,"column":82}},"38":{"start":{"line":39,"column":0},"end":{"line":39,"column":45}},"39":{"start":{"line":40,"column":0},"end":{"line":40,"column":75}},"40":{"start":{"line":41,"column":0},"end":{"line":41,"column":160}},"41":{"start":{"line":42,"column":0},"end":{"line":42,"column":291}},"42":{"start":{"line":43,"column":0},"end":{"line":43,"column":38}},"43":{"start":{"line":44,"column":0},"end":{"line":44,"column":23}},"44":{"start":{"line":45,"column":0},"end":{"line":45,"column":20}},"45":{"start":{"line":46,"column":0},"end":{"line":46,"column":153}},"47":{"start":{"line":48,"column":0},"end":{"line":48,"column":78}},"48":{"start":{"line":49,"column":0},"end":{"line":49,"column":46}},"49":{"start":{"line":50,"column":0},"end":{"line":50,"column":44}},"50":{"start":{"line":51,"column":0},"end":{"line":51,"column":45}},"51":{"start":{"line":52,"column":0},"end":{"line":52,"column":46}},"52":{"start":{"line":53,"column":0},"end":{"line":53,"column":48}},"53":{"start":{"line":54,"column":0},"end":{"line":54,"column":43}},"54":{"start":{"line":55,"column":0},"end":{"line":55,"column":31}},"56":{"start":{"line":57,"column":0},"end":{"line":57,"column":18}},"57":{"start":{"line":58,"column":0},"end":{"line":58,"column":160}},"58":{"start":{"line":59,"column":0},"end":{"line":59,"column":18}},"60":{"start":{"line":61,"column":0},"end":{"line":61,"column":16}},"61":{"start":{"line":62,"column":0},"end":{"line":62,"column":15}},"62":{"start":{"line":63,"column":0},"end":{"line":63,"column":66}},"63":{"start":{"line":64,"column":0},"end":{"line":64,"column":47}},"64":{"start":{"line":65,"column":0},"end":{"line":65,"column":20}},"65":{"start":{"line":66,"column":0},"end":{"line":66,"column":186}},"66":{"start":{"line":67,"column":0},"end":{"line":67,"column":92}},"67":{"start":{"line":68,"column":0},"end":{"line":68,"column":119}},"68":{"start":{"line":69,"column":0},"end":{"line":69,"column":22}},"69":{"start":{"line":70,"column":0},"end":{"line":70,"column":20}},"70":{"start":{"line":71,"column":0},"end":{"line":71,"column":47}},"71":{"start":{"line":72,"column":0},"end":{"line":72,"column":20}},"72":{"start":{"line":73,"column":0},"end":{"line":73,"column":186}},"73":{"start":{"line":74,"column":0},"end":{"line":74,"column":93}},"74":{"start":{"line":75,"column":0},"end":{"line":75,"column":50}},"75":{"start":{"line":76,"column":0},"end":{"line":76,"column":22}},"76":{"start":{"line":77,"column":0},"end":{"line":77,"column":20}},"77":{"start":{"line":78,"column":0},"end":{"line":78,"column":54}},"78":{"start":{"line":79,"column":0},"end":{"line":79,"column":20}},"79":{"start":{"line":80,"column":0},"end":{"line":80,"column":179}},"80":{"start":{"line":81,"column":0},"end":{"line":81,"column":92}},"81":{"start":{"line":82,"column":0},"end":{"line":82,"column":140}},"82":{"start":{"line":83,"column":0},"end":{"line":83,"column":22}},"83":{"start":{"line":84,"column":0},"end":{"line":84,"column":20}},"84":{"start":{"line":85,"column":0},"end":{"line":85,"column":18}},"85":{"start":{"line":86,"column":0},"end":{"line":86,"column":16}},"86":{"start":{"line":87,"column":0},"end":{"line":87,"column":15}},"87":{"start":{"line":88,"column":0},"end":{"line":88,"column":9}},"88":{"start":{"line":89,"column":0},"end":{"line":89,"column":9}},"89":{"start":{"line":90,"column":0},"end":{"line":90,"column":179}},"90":{"start":{"line":91,"column":0},"end":{"line":91,"column":42}},"91":{"start":{"line":92,"column":0},"end":{"line":92,"column":92}},"92":{"start":{"line":93,"column":0},"end":{"line":93,"column":69}},"93":{"start":{"line":94,"column":0},"end":{"line":94,"column":12}},"94":{"start":{"line":95,"column":0},"end":{"line":95,"column":70}},"95":{"start":{"line":96,"column":0},"end":{"line":96,"column":145}},"96":{"start":{"line":97,"column":0},"end":{"line":97,"column":12}},"97":{"start":{"line":98,"column":0},"end":{"line":98,"column":10}},"99":{"start":{"line":100,"column":0},"end":{"line":100,"column":12}},"100":{"start":{"line":101,"column":0},"end":{"line":101,"column":12}},"103":{"start":{"line":104,"column":0},"end":{"line":104,"column":50}},"104":{"start":{"line":105,"column":0},"end":{"line":105,"column":173}},"105":{"start":{"line":106,"column":0},"end":{"line":106,"column":42}},"106":{"start":{"line":107,"column":0},"end":{"line":107,"column":92}},"107":{"start":{"line":108,"column":0},"end":{"line":108,"column":81}},"108":{"start":{"line":109,"column":0},"end":{"line":109,"column":12}},"109":{"start":{"line":110,"column":0},"end":{"line":110,"column":65}},"110":{"start":{"line":111,"column":0},"end":{"line":111,"column":128}},"111":{"start":{"line":112,"column":0},"end":{"line":112,"column":12}},"112":{"start":{"line":113,"column":0},"end":{"line":113,"column":10}},"114":{"start":{"line":115,"column":0},"end":{"line":115,"column":12}},"115":{"start":{"line":116,"column":0},"end":{"line":116,"column":159}},"116":{"start":{"line":117,"column":0},"end":{"line":117,"column":38}},"117":{"start":{"line":118,"column":0},"end":{"line":118,"column":27}},"118":{"start":{"line":119,"column":0},"end":{"line":119,"column":46}},"119":{"start":{"line":120,"column":0},"end":{"line":120,"column":187}},"120":{"start":{"line":121,"column":0},"end":{"line":121,"column":174}},"122":{"start":{"line":123,"column":0},"end":{"line":123,"column":82}},"123":{"start":{"line":124,"column":0},"end":{"line":124,"column":45}},"124":{"start":{"line":125,"column":0},"end":{"line":125,"column":75}},"125":{"start":{"line":126,"column":0},"end":{"line":126,"column":159}},"126":{"start":{"line":127,"column":0},"end":{"line":127,"column":291}},"127":{"start":{"line":128,"column":0},"end":{"line":128,"column":38}},"128":{"start":{"line":129,"column":0},"end":{"line":129,"column":23}},"129":{"start":{"line":130,"column":0},"end":{"line":130,"column":20}},"130":{"start":{"line":131,"column":0},"end":{"line":131,"column":174}},"131":{"start":{"line":132,"column":0},"end":{"line":132,"column":160}},"132":{"start":{"line":133,"column":0},"end":{"line":133,"column":18}},"134":{"start":{"line":135,"column":0},"end":{"line":135,"column":16}},"135":{"start":{"line":136,"column":0},"end":{"line":136,"column":15}},"136":{"start":{"line":137,"column":0},"end":{"line":137,"column":66}},"137":{"start":{"line":138,"column":0},"end":{"line":138,"column":47}},"138":{"start":{"line":139,"column":0},"end":{"line":139,"column":20}},"139":{"start":{"line":140,"column":0},"end":{"line":140,"column":186}},"140":{"start":{"line":141,"column":0},"end":{"line":141,"column":92}},"141":{"start":{"line":142,"column":0},"end":{"line":142,"column":119}},"142":{"start":{"line":143,"column":0},"end":{"line":143,"column":22}},"143":{"start":{"line":144,"column":0},"end":{"line":144,"column":20}},"144":{"start":{"line":145,"column":0},"end":{"line":145,"column":47}},"145":{"start":{"line":146,"column":0},"end":{"line":146,"column":20}},"146":{"start":{"line":147,"column":0},"end":{"line":147,"column":186}},"147":{"start":{"line":148,"column":0},"end":{"line":148,"column":93}},"148":{"start":{"l
[...]
,"C:\\Users\\Queen Elizabeth\\Desktop\\AFE Partner\\AFE Partner Connect\\my-react-router-app\\src\\types\\SupabaseContext.tsx": {"path":"C:\\Users\\Queen Elizabeth\\Desktop\\AFE Partner\\AFE Partner Connect\\my-react-router-app\\src\\types\\SupabaseContext.tsx","all":false,"statementMap":{"0":{"start":{"line":1,"column":0},"end":{"line":1,"column":71}},"1":{"start":{"line":2,"column":0},"end":{"line":2,"column":57}},"2":{"start":{"line":3,"column":0},"end":{"line":3,"column":93}},"4":{"start":{"line":5,"column":0},"end":{"line":5,"column":49}},"16":{"start":{"line":17,"column":0},"end":{"line":17,"column":89}},"17":{"start":{"line":18,"column":0},"end":{"line":18,"column":81}},"18":{"start":{"line":19,"column":0},"end":{"line":19,"column":71}},"19":{"start":{"line":20,"column":0},"end":{"line":20,"column":75}},"20":{"start":{"line":21,"column":0},"end":{"line":21,"column":49}},"21":{"start":{"line":22,"column":0},"end":{"line":22,"column":65}},"23":{"start":{"line":24,"column":0},"end":{"line":24,"column":35}},"24":{"start":{"line":25,"column":0},"end":{"line":25,"column":33}},"25":{"start":{"line":26,"column":0},"end":{"line":26,"column":389}},"26":{"start":{"line":27,"column":0},"end":{"line":27,"column":74}},"28":{"start":{"line":29,"column":0},"end":{"line":29,"column":44}},"29":{"start":{"line":30,"column":0},"end":{"line":30,"column":57}},"31":{"start":{"line":32,"column":0},"end":{"line":32,"column":30}},"32":{"start":{"line":33,"column":0},"end":{"line":33,"column":10}},"34":{"start":{"line":35,"column":0},"end":{"line":35,"column":21}},"35":{"start":{"line":36,"column":0},"end":{"line":36,"column":20}},"36":{"start":{"line":37,"column":0},"end":{"line":37,"column":11}},"38":{"start":{"line":39,"column":0},"end":{"line":39,"column":21}},"39":{"start":{"line":40,"column":0},"end":{"line":40,"column":71}},"40":{"start":{"line":41,"column":0},"end":{"line":41,"column":31}},"41":{"start":{"line":42,"column":0},"end":{"line":42,"column":41}},"42":{"start":{"line":43,"column":0},"end":{"line":43,"column":30}},"43":{"start":{"line":44,"column":0},"end":{"line":44,"column":33}},"44":{"start":{"line":45,"column":0},"end":{"line":45,"column":33}},"45":{"start":{"line":46,"column":0},"end":{"line":46,"column":13}},"46":{"start":{"line":47,"column":0},"end":{"line":47,"column":11}},"47":{"start":{"line":48,"column":0},"end":{"line":48,"column":9}},"48":{"start":{"line":49,"column":0},"end":{"line":49,"column":22}},"49":{"start":{"line":50,"column":0},"end":{"line":50,"column":37}},"50":{"start":{"line":51,"column":0},"end":{"line":51,"column":9}},"51":{"start":{"line":52,"column":0},"end":{"line":52,"column":13}},"53":{"start":{"line":54,"column":0},"end":{"line":54,"column":12}},"54":{"start":{"line":55,"column":0},"end":{"line":55,"column":99}},"55":{"start":{"line":56,"column":0},"end":{"line":56,"column":16}},"56":{"start":{"line":57,"column":0},"end":{"line":57,"column":31}},"58":{"start":{"line":59,"column":0},"end":{"line":59,"column":2}},"60":{"start":{"line":61,"column":0},"end":{"line":61,"column":59}},"61":{"start":{"line":62,"column":0},"end":{"line":62,"column":48}},"62":{"start":{"line":63,"column":0},"end":{"line":63,"column":19}},"63":{"start":{"line":64,"column":0},"end":{"line":64,"column":81}},"64":{"start":{"line":65,"column":0},"end":{"line":65,"column":5}},"65":{"start":{"line":66,"column":0},"end":{"line":66,"column":19}},"66":{"start":{"line":67,"column":0},"end":{"line":67,"column":4}}},"s":{"0":1,"1":1,"2":1,"4":1,"16":1,"17":1,"18":10,"19":10,"20":10,"21":10,"23":10,"24":8,"25":8,"26":6,"28":2,"29":2,"31":2,"32":8,"34":10,"35":8,"36":10,"38":10,"39":8,"40":8,"41":8,"42":0,"43":8,"44":1,"45":1,"46":8,"47":8,"48":8,"49":8,"50":8,"51":10,"53":10,"54":10,"55":10,"56":10,"58":10,"60":1,"61":17,"62":17,"63":2,"64":2,"65":14,"66":14},"branchMap":{"0":{"type":"branch","line":18,"loc":{"start":{"line":18,"column":32},"end":{"line":59,"column":2}},"locations":[{"start":{"line":18,"column":32},"end":{"line":59,"column":2}}]},"1":{"type":"branch","line":24,"loc":{"start":{"line":24,"column":22},"end":{"line":33,"column":10}},"locations":[{"start":{"line":24,"column":22},"end":{"line":33,"column":10}}]},"2":{"type":"branch","line":26,"loc":{"start":{"line":26,"column":387},"end":{"line":27,"column":74}},"locations":[{"start":{"line":26,"column":387},"end":{"line":27,"column":74}}]},"3":{"type":"branch","line":27,"loc":{"start":{"line":27,"column":72},"end":{"line":32,"column":30}},"locations":[{"start":{"line":27,"column":72},"end":{"line":32,"column":30}}]},"4":{"type":"branch","line":35,"loc":{"start":{"line":35,"column":14},"end":{"line":37,"column":7}},"locations":[{"start":{"line":35,"column":14},"end":{"line":37,"column":7}}]},"5":{"type":"branch","line":39,"loc":{"start":{"line":39,"column":14},"end":{"line":52,"column":9}},"locations":[{"start":{"line":39,"column":14},"end":{"line":52,"column":9}}]},"6":{"type":"branch","line":41,"loc":{"start":{"line":41,"column":10},"end":{"line":47,"column":11}},"locations":[{"start":{"line":41,"column":10},"end":{"line":47,"column":11}}]},"7":{"type":"branch","line":42,"loc":{"start":{"line":42,"column":40},"end":{"line":44,"column":23}},"locations":[{"start":{"line":42,"column":40},"end":{"line":44,"column":23}}]},"8":{"type":"branch","line":44,"loc":{"start":{"line":44,"column":32},"end":{"line":46,"column":13}},"locations":[{"start":{"line":44,"column":32},"end":{"line":46,"column":13}}]},"9":{"type":"branch","line":49,"loc":{"start":{"line":49,"column":15},"end":{"line":51,"column":9}},"locations":[{"start":{"line":49,"column":15},"end":{"line":51,"column":9}}]},"10":{"type":"branch","line":61,"loc":{"start":{"line":61,"column":31},"end":{"line":67,"column":4}},"locations":[{"start":{"line":61,"column":31},"end":{"line":67,"column":4}}]},"11":{"type":"branch","line":63,"loc":{"start":{"line":63,"column":18},"end":{"line":65,"column":5}},"locations":[{"start":{"line":63,"column":18},"end":{"line":65,"column":5}}]},"12":{"type":"branch","line":65,"loc":{"start":{"line":65,"column":4},"end":{"line":67,"column":4}},"locations":[{"start":{"line":65,"column":4},"end":{"line":67,"column":4}}]}},"b":{"0":[10],"1":[8],"2":[6],"3":[2],"4":[8],"5":[8],"6":[8],"7":[0],"8":[1],"9":[8],"10":[17],"11":[2],"12":[14]},"fnMap":{"0":{"name":"SupabaseProvider","decl":{"start":{"line":18,"column":32},"end":{"line":59,"column":2}},"loc":{"start":{"line":18,"column":32},"end":{"line":59,"column":2}},"line":18},"1":{"name":"fetchData","decl":{"start":{"line":24,"column":22},"end":{"line":33,"column":10}},"loc":{"start":{"line":24,"column":22},"end":{"line":33,"column":10}},"line":24},"2":{"name":"useSupabaseData","decl":{"start":{"line":61,"column":31},"end":{"line":67,"column":4}},"loc":{"start":{"line":61,"column":31},"end":{"line":67,"column":4}},"line":61}},"f":{"0":10,"1":8,"2":17}}
,"C:\\Users\\Queen Elizabeth\\Desktop\\AFE Partner\\AFE Partner Connect\\my-react-router-app\\src\\types\\interfaces.ts": {"path":"C:\\Users\\Queen Elizabeth\\Desktop\\AFE Partner\\AFE Partner Connect\\my-react-router-app\\src\\types\\interfaces.ts","all":false,"statementMap":{},"s":{},"branchMap":{},"b":{},"fnMap":{},"f":{}}
,"C:\\Users\\Queen Elizabeth\\Desktop\\AFE Partner\\AFE Partner Connect\\my-react-router-app\\src\\types\\transform.ts": {"path":"C:\\Users\\Queen Elizabeth\\Desktop\\AFE Partner\\AFE Partner Connect\\my-react-router-app\\src\\types\\transform.ts","all":false,"statementMap":{"13":{"start":{"line":14,"column":0},"end":{"line":14,"column":58}},"14":{"start":{"line":15,"column":0},"end":{"line":15,"column":30}},"15":{"start":{"line":16,"column":0},"end":{"line":16,"column":20}},"16":{"start":{"line":17,"column":0},"end":{"line":17,"column":44}},"17":{"start":{"line":18,"column":0},"end":{"line":18,"column":67}},"18":{"start":{"line":19,"column":0},"end":{"line":19,"column":67}},"19":{"start":{"line":20,"column":0},"end":{"line":20,"column":36}},"20":{"start":{"line":21,"column":0},"end":{"line":21,"column":38}},"21":{"start":{"line":22,"column":0},"end":{"line":22,"column":56}},"22":{"start":{"line":23,"column":0},"end":{"line":23,"column":44}},"23":{"start":{"line":24,"column":0},"end":{"line":24,"column":54}},"24":{"start":{"line":25,"column":0},"end":{"line":25,"column":38}},"25":{"start":{"line":26,"column":0},"end":{"line":26,"column":39}},"26":{"start":{"line":27,"column":0},"end":{"line":27,"column":44}},"27":{"start":{"line":28,"column":0},"end":{"line":28,"column":36}},"28":{"start":{"line":29,"column":0},"end":{"line":29,"column":44}},"29":{"start":{"line":30,"column":0},"end":{"line":30,"column":34}},"30":{"start":{"line":31,"column":0},"end":{"line":31,"column":65}},"31":{"start":{"line":32,"column":0},"end":{"line":32,"column":73}},"32":{"start":{"line":33,"column":0},"end":{"line":33,"column":44}},"33":{"start":{"line":34,"column":0},"end":{"line":34,"column":40}},"34":{"start":{"line":35,"column":0},"end":{"line":35,"column":42}},"35":{"start":{"line":36,"column":0},"end":{"line":36,"column":48}},"36":{"start":{"line":37,"column":0},"end":{"line":37,"column":28}},"37":{"start":{"line":38,"column":0},"end":{"line":38,"column":54}},"39":{"start":{"line":40,"column":0},"end":{"line":40,"column":8}},"40":{"start":{"line":41,"column":0},"end":{"line":41,"column":2}},"42":{"start":{"line":43,"column":0},"end":{"line":43,"column":79}},"43":{"start":{"line":44,"column":0},"end":{"line":44,"column":30}},"44":{"start":{"line":45,"column":0},"end":{"line":45,"column":31}},"45":{"start":{"line":46,"column":0},"end":{"line":46,"column":38}},"46":{"start":{"line":47,"column":0},"end":{"line":47,"column":8}},"47":{"start":{"line":48,"column":0},"end":{"line":48,"column":2}},"49":{"start":{"line":50,"column":0},"end":{"line":50,"column":67}},"50":{"start":{"line":51,"column":0},"end":{"line":51,"column":30}},"51":{"start":{"line":52,"column":0},"end":{"line":52,"column":20}},"52":{"start":{"line":53,"column":0},"end":{"line":53,"column":67}},"53":{"start":{"line":54,"column":0},"end":{"line":54,"column":24}},"54":{"start":{"line":55,"column":0},"end":{"line":55,"column":32}},"55":{"start":{"line":56,"column":0},"end":{"line":56,"column":22}},"56":{"start":{"line":57,"column":0},"end":{"line":57,"column":26}},"57":{"start":{"line":58,"column":0},"end":{"line":58,"column":8}},"58":{"start":{"line":59,"column":0},"end":{"line":59,"column":2}},"60":{"start":{"line":61,"column":0},"end":{"line":61,"column":97}},"62":{"start":{"line":63,"column":0},"end":{"line":63,"column":30}},"63":{"start":{"line":64,"column":0},"end":{"line":64,"column":31}},"64":{"start":{"line":65,"column":0},"end":{"line":65,"column":34}},"65":{"start":{"line":66,"column":0},"end":{"line":66,"column":36}},"66":{"start":{"line":67,"column":0},"end":{"line":67,"column":27}},"67":{"start":{"line":68,"column":0},"end":{"line":68,"column":37}},"68":{"start":{"line":69,"column":0},"end":{"line":69,"column":46}},"69":{"start":{"line":70,"column":0},"end":{"line":70,"column":40}},"70":{"start":{"line":71,"column":0},"end":{"line":71,"column":45}},"71":{"start":{"line":72,"column":0},"end":{"line":72,"column":37}},"72":{"start":{"line":73,"column":0},"end":{"line":73,"column":35}},"73":{"start":{"line":74,"column":0},"end":{"line":74,"column":39}},"74":{"start":{"line":75,"column":0},"end":{"line":75,"column":37}},"75":{"start":{"line":76,"column":0},"end":{"line":76,"column":41}},"76":{"start":{"line":77,"column":0},"end":{"line":77,"column":36}},"77":{"start":{"line":78,"column":0},"end":{"line":78,"column":43}},"78":{"start":{"line":79,"column":0},"end":{"line":79,"column":47}},"79":{"start":{"line":80,"column":0},"end":{"line":80,"column":41}},"80":{"start":{"line":81,"column":0},"end":{"line":81,"column":39}},"81":{"start":{"line":82,"column":0},"end":{"line":82,"column":39}},"82":{"start":{"line":83,"column":0},"end":{"line":83,"column":7}},"83":{"start":{"line":84,"column":0},"end":{"line":84,"column":2}},"85":{"start":{"line":86,"column":0},"end":{"line":86,"column":104}},"86":{"start":{"line":87,"column":0},"end":{"line":87,"column":29}},"87":{"start":{"line":88,"column":0},"end":{"line":88,"column":65}},"88":{"start":{"line":89,"column":0},"end":{"line":89,"column":44}},"90":{"start":{"line":91,"column":0},"end":{"line":91,"column":16}},"91":{"start":{"line":92,"column":0},"end":{"line":92,"column":23}},"92":{"start":{"line":93,"column":0},"end":{"line":93,"column":55}},"93":{"start":{"line":94,"column":0},"end":{"line":94,"column":65}},"94":{"start":{"line":95,"column":0},"end":{"line":95,"column":53}},"95":{"start":{"line":96,"column":0},"end":{"line":96,"column":44}},"96":{"start":{"line":97,"column":0},"end":{"line":97,"column":29}},"97":{"start":{"line":98,"column":0},"end":{"line":98,"column":9}},"99":{"start":{"line":100,"column":0},"end":{"line":100,"column":6}},"100":{"start":{"line":101,"column":0},"end":{"line":101,"column":2}},"102":{"start":{"line":103,"column":0},"end":{"line":103,"column":89}},"103":{"start":{"line":104,"column":0},"end":{"line":104,"column":30}},"104":{"start":{"line":105,"column":0},"end":{"line":105,"column":35}},"105":{"start":{"line":106,"column":0},"end":{"line":106,"column":33}},"106":{"start":{"line":107,"column":0},"end":{"line":107,"column":40}},"107":{"start":{"line":108,"column":0},"end":{"line":108,"column":26}},"108":{"start":{"line":109,"column":0},"end":{"line":109,"column":58}},"110":{"start":{"line":111,"column":0},"end":{"line":111,"column":7}},"111":{"start":{"line":112,"column":0},"end":{"line":112,"column":2}},"113":{"start":{"line":114,"column":0},"end":{"line":114,"column":85}},"114":{"start":{"line":115,"column":0},"end":{"line":115,"column":43}},"115":{"start":{"line":116,"column":0},"end":{"line":116,"column":30}},"116":{"start":{"line":117,"column":0},"end":{"line":117,"column":32}},"117":{"start":{"line":118,"column":0},"end":{"line":118,"column":46}},"118":{"start":{"line":119,"column":0},"end":{"line":119,"column":34}},"120":{"start":{"line":121,"column":0},"end":{"line":121,"column":7}},"121":{"start":{"line":122,"column":0},"end":{"line":122,"column":2}},"123":{"start":{"line":124,"column":0},"end":{"line":124,"column":85}},"124":{"start":{"line":125,"column":0},"end":{"line":125,"column":30}},"125":{"start":{"line":126,"column":0},"end":{"line":126,"column":20}},"126":{"start":{"line":127,"column":0},"end":{"line":127,"column":40}},"127":{"start":{"line":128,"column":0},"end":{"line":128,"column":36}},"128":{"start":{"line":129,"column":0},"end":{"line":129,"column":52}},"129":{"start":{"line":130,"column":0},"end":{"line":130,"column":62}},"130":{"start":{"line":131,"column":0},"end":{"line":131,"column":72}},"131":{"start":{"line":132,"column":0},"end":{"line":132,"column":60}},"132":{"start":{"line":133,"column":0},"end":{"line":133,"column":60}},"133":{"start":{"line":134,"column":0},"end":{"line":134,"column":70}},"134":{"start":{"line":135,"column":0},"end":{"line":135,"column":58}},"136":{"start":{"line":137,"column":0},"end":{"line":137,"column":7}},"137":{"start":{"line":138,"column":0},"end":{"line":138,"column":2}},"139":{"start":{"line":140,"column":0},"end":{"line":140,"column":87}},"140":{"start":{"line":141,"column":0},"end":{"line":141,"column":30}},"141":{"start":{"line":142,"column":0},"end":{"line":142,"column":20}},"142":{"start":{"line":143,"column":0},"end":{"line":143,"column":28}},"143":{"start":{"line":144,"column":0},"end":{"line":144,"column":36}},"144":{"start":{"line":145,"column":0},"end":{"line":145,"column":38}},"145":{"start":{"line":146,"column":0},"end":{"line":146,"column":24}},"146":{"start":{"line":147,"column":0},"end":{"line":147,"column":64}},"148":{"start":{"line":149,"column":0},"end":{"line":149,"column":7}},"149":{"start":{"line":150,"column":0},"end":{"line":150,"column":1}}},"s":{"13":1,"14":1,"15":0,"16":0,"17":0,"18":0,"19":0,"20":0,"21":0,"22":0,"23":0,"24":0,"25":0,"26":0,"27":0,"28":0,"29":0,"30":0,"31":0,"32":0,"33":0,"34":0,"35":0,"36":0,"37":0,"39":1,"40":1,"42":1,"43":0,"44":0,"45":0,"46":0,"47":0,"49":1,"50":1,"51":0,"52":0,"53":0,"54":0,"55":0,"56":0,"57":1,"58":1,"60":1,"62":1,"63":2,"64":2,"65":2,"66":2,"67":2,"68":2,"69":2,"70":2,"71":2,"72":2,"73":2,"74":2,"75":2,"76":2,"77":2,"78":2,"79":2,"80":2,"81":2,"82":1,"83":1,"85":1,"86":3,"87":0,"88":0,"90":0,"91":0,"92":0,"93":0,"94":0,"95":0,"96":0,"97":0,"99":3,"100":3,"102":1,"103":3,"104":0,"105":0,"106":0,"107":0,"108":0,"110":3,"111":3,"113":1,"114":0,"115":0,"116":0,"117":0,"118":0,"120":0,"121":0,"123":1,"124":0,"125":0,"126":0,"127":0,"128":0,"129":0,"130":0,"131":0,"132":0,"133":0,"134":0,"136":0,"137":0,"139":1,"140":0,"141":0,"142":0,"143":0,"144":0,"145":0,"146":0,"148":0,"149":0},"branchMap":{"0":{"type":"branch","line":14,"loc":{"start":{"line":14,"column":29},"end":{"line":41,"column":2}},"locations":[{"start":{"line":14,"column":29},"end":{"line":41,"column":2}}]},"1":{"type":"branch","line":50,"loc":{"start":{"line":50,"column":33},"end":{"line":59,"column":2}},"locations":[{"start":{"line":50,"column":33},"end":{"line":59,"column":2}}]},"2":{"type":"branch","line":61,"loc":{"start":{"line":61,"column":39},"end":{"line":84,"column":2}},"locations":[{"start":{"line":61,"column":39},"end":{"line":84,"column":2}}]},"3":{"type":"branch","line":63,"loc":{"start":{"line":63,"column":20},"end":{"line":83,"column":6}},"locations":[{"start":{"line":63,"column":20},"end":{"line":83,"column":6}}]},"4":{"type":"branch","line":86,"loc":{"start":{"line":86,"column":44},"end":{"line":101,"column":2}},"locations":[{"start":{"line":86,"column":44},"end":{"line":101,"column":2}}]},"5":{"type":"branch","line":103,"loc":{"start":{"line":103,"column":44},"end":{"line":112,"column":2}},"locations":[{"start":{"line":103,"column":44},"end":{"line":112,"column":2}}]}},"b":{"0":[1],"1":[1],"2":[1],"3":[2],"4":[3],"5":[3]},"fnMap":{"0":{"name":"transformAFEs","decl":{"start":{"line":14,"column":29},"end":{"line":41,"column":2}},"loc":{"start":{"line":14,"column":29},"end":{"line":41,"column":2}},"line":14},"1":{"name":"transformExecuteAFEsID","decl":{"start":{"line":43,"column":38},"end":{"line":48,"column":2}},"loc":{"start":{"line":43,"column":38},"end":{"line":48,"column":2}},"line":43},"2":{"name":"transformOperator","decl":{"start":{"line":50,"column":33},"end":{"line":59,"column":2}},"loc":{"start":{"line":50,"column":33},"end":{"line":59,"column":2}},"line":50},"3":{"name":"transformExecuteAFEData","decl":{"start":{"line":61,"column":39},"end":{"line":84,"column":2}},"loc":{"start":{"line":61,"column":39},"end":{"line":84,"column":2}},"line":61},"4":{"name":"transformExecuteAFEEstimates","decl":{"start":{"line":86,"column":44},"end":{"line":101,"column":2}},"loc":{"start":{"line":86,"column":44},"end":{"line":101,"column":2}},"line":86},"5":{"name":"transformUserProfileSupabase","decl":{"start":{"line":103,"column":44},"end":{"line":112,"column":2}},"loc":{"start":{"line":103,"column":44},"end":{"line":112,"column":2}},"line":103},"6":{"name":"transformUserRolesSupabase","decl":{"start":{"line":114,"column":42},"end":{"line":122,"column":2}},"loc":{"start":{"line":114,"column":42},"end":{"line":122,"column":2}},"line":114},"7":{"name":"transformEstimatesSupabase","decl":{"start":{"line":124,"column":42},"end":{"line":138,"column":2}},"loc":{"start":{"line":124,"column":42},"end":{"line":138,"column":2}},"line":124},"8":{"name":"transformAFEHistorySupabase","decl":{"start":{"line":140,"column":43},"end":{"line":150,"column":1}},"loc":{"start":{"line":140,"column":43},"end":{"line":150,"column":1}},"line":140}},"f":{"0":1,"1":0,"2":1,"3":1,"4":3,"5":3,"6":0,"7":0,"8":0}}
}
